2015-10-13 16:12:55,001 [Worker-6] INFO  o.e.m.c.i.p.ProjectConfigurationManager - Collecting project info '/pom.xml' /Users/Hanlu/Desktop/qinyang_oa_system/oa_system/pom.xml
2015-10-13 16:12:56,360 [Worker-6] INFO  o.e.m.c.i.l.LifecycleMappingFactory - Using org.maven.ide.eclipse.wtp.WarLifecycleMapping lifecycle mapping for MavenProject: com.lance:oa_system:0.0.1-SNAPSHOT @ /Users/Hanlu/Desktop/qinyang_oa_system/oa_system/pom.xml.
2015-10-13 16:12:57,906 [Worker-6] INFO  o.e.m.j.i.AbstractJavaProjectConfigurator - Adding source folder /oa_system/src/main/java
2015-10-13 16:12:57,907 [Worker-6] INFO  o.e.m.j.i.AbstractJavaProjectConfigurator - Adding resource folder /oa_system/src/main/resources
2015-10-13 16:12:57,908 [Worker-6] INFO  o.e.m.j.i.AbstractJavaProjectConfigurator - Adding source folder /oa_system/src/test/java
2015-10-13 16:13:07,375 [Worker-6] INFO  o.e.m.c.i.p.ProjectConfigurationManager - Imported and configured 1 project(s) in 12 sec
2015-10-13 16:13:08,418 [Worker-11] WARN  o.e.m.c.i.embedder.EclipseLogger - Using platform encoding (UTF-8 actually) to copy filtered resources, i.e. build is platform dependent!
2015-10-13 16:13:08,442 [Worker-11] INFO  o.e.m.c.i.embedder.EclipseLogger - Copying 0 resource
2015-10-13 16:13:08,445 [Worker-11] WARN  o.e.m.c.i.embedder.EclipseLogger - Using platform encoding (UTF-8 actually) to copy filtered resources, i.e. build is platform dependent!
2015-10-13 16:13:08,446 [Worker-11] INFO  o.e.m.c.i.embedder.EclipseLogger - skip non existing resourceDirectory /Users/Hanlu/Desktop/qinyang_oa_system/oa_system/src/test/resources
2015-10-13 16:16:41,501 [Worker-4] WARN  o.e.m.c.i.embedder.EclipseLogger - Using platform encoding (UTF-8 actually) to copy filtered resources, i.e. build is platform dependent!
2015-10-13 16:16:41,505 [Worker-4] INFO  o.e.m.c.i.embedder.EclipseLogger - Copying 0 resource
2015-10-13 16:16:41,507 [Worker-4] WARN  o.e.m.c.i.embedder.EclipseLogger - Using platform encoding (UTF-8 actually) to copy filtered resources, i.e. build is platform dependent!
2015-10-13 16:16:41,508 [Worker-4] INFO  o.e.m.c.i.embedder.EclipseLogger - skip non existing resourceDirectory /Users/Hanlu/Desktop/qinyang_oa_system/oa_system/src/test/resources
2015-10-13 16:17:00,209 [Worker-8] WARN  o.e.m.c.i.embedder.EclipseLogger - Using platform encoding (UTF-8 actually) to copy filtered resources, i.e. build is platform dependent!
2015-10-13 16:17:00,210 [Worker-8] INFO  o.e.m.c.i.embedder.EclipseLogger - Copying 0 resource
2015-10-13 16:17:00,212 [Worker-8] WARN  o.e.m.c.i.embedder.EclipseLogger - Using platform encoding (UTF-8 actually) to copy filtered resources, i.e. build is platform dependent!
2015-10-13 16:17:00,212 [Worker-8] INFO  o.e.m.c.i.embedder.EclipseLogger - skip non existing resourceDirectory /Users/Hanlu/Desktop/qinyang_oa_system/oa_system/src/test/resources
2015-10-13 16:23:34,512 [Worker-18] INFO  o.e.m.w.i.f.ResourceFilteringBuildParticipant - Cleaning filtered folder for oa_system
2015-10-13 16:23:34,666 [Worker-18] WARN  o.e.m.c.i.embedder.EclipseLogger - Using platform encoding (UTF-8 actually) to copy filtered resources, i.e. build is platform dependent!
2015-10-13 16:23:34,667 [Worker-18] INFO  o.e.m.c.i.embedder.EclipseLogger - Copying 0 resource
2015-10-13 16:23:34,668 [Worker-18] WARN  o.e.m.c.i.embedder.EclipseLogger - Using platform encoding (UTF-8 actually) to copy filtered resources, i.e. build is platform dependent!
2015-10-13 16:23:34,668 [Worker-18] INFO  o.e.m.c.i.embedder.EclipseLogger - skip non existing resourceDirectory /Users/Hanlu/Desktop/qinyang_oa_system/oa_system/src/test/resources
2015-10-13 16:23:34,669 [Worker-18] INFO  o.e.m.w.i.f.ResourceFilteringBuildParticipant - Changed resources require a complete clean of filtered resources of oa_system
2015-10-13 16:23:34,670 [Worker-18] INFO  o.e.m.w.i.f.ResourceFilteringBuildParticipant - Executing resource filtering for oa_system
2015-10-13 16:23:34,716 [Worker-18] WARN  o.e.m.c.i.embedder.EclipseLogger - Using platform encoding (UTF-8 actually) to copy filtered resources, i.e. build is platform dependent!
2015-10-13 16:24:45,316 [Worker-14] WARN  o.e.m.c.i.embedder.EclipseLogger - Using platform encoding (UTF-8 actually) to copy filtered resources, i.e. build is platform dependent!
2015-10-13 16:24:45,349 [Worker-14] INFO  o.e.m.c.i.embedder.EclipseLogger - Copying 0 resource
2015-10-13 16:24:45,355 [Worker-14] WARN  o.e.m.c.i.embedder.EclipseLogger - Using platform encoding (UTF-8 actually) to copy filtered resources, i.e. build is platform dependent!
2015-10-13 16:24:45,356 [Worker-14] INFO  o.e.m.c.i.embedder.EclipseLogger - skip non existing resourceDirectory /Users/Hanlu/Desktop/qinyang_oa_system/oa_system/src/test/resources
2015-10-13 16:25:40,333 [Worker-1] WARN  o.e.m.c.i.embedder.EclipseLogger - Using platform encoding (UTF-8 actually) to copy filtered resources, i.e. build is platform dependent!
2015-10-13 16:25:40,346 [Worker-1] INFO  o.e.m.c.i.embedder.EclipseLogger - Copying 0 resource
2015-10-13 16:25:40,348 [Worker-1] WARN  o.e.m.c.i.embedder.EclipseLogger - Using platform encoding (UTF-8 actually) to copy filtered resources, i.e. build is platform dependent!
2015-10-13 16:25:40,349 [Worker-1] INFO  o.e.m.c.i.embedder.EclipseLogger - skip non existing resourceDirectory /Users/Hanlu/Desktop/qinyang_oa_system/oa_system/src/test/resources
2015-10-13 16:26:05,492 [Worker-4] WARN  o.e.m.c.i.embedder.EclipseLogger - Using platform encoding (UTF-8 actually) to copy filtered resources, i.e. build is platform dependent!
2015-10-13 16:26:05,494 [Worker-4] INFO  o.e.m.c.i.embedder.EclipseLogger - Copying 0 resource
2015-10-13 16:26:05,495 [Worker-4] WARN  o.e.m.c.i.embedder.EclipseLogger - Using platform encoding (UTF-8 actually) to copy filtered resources, i.e. build is platform dependent!
2015-10-13 16:26:05,496 [Worker-4] INFO  o.e.m.c.i.embedder.EclipseLogger - skip non existing resourceDirectory /Users/Hanlu/Desktop/qinyang_oa_system/oa_system/src/test/resources
2015-10-13 16:28:24,235 [Worker-19] WARN  o.e.m.c.i.embedder.EclipseLogger - Using platform encoding (UTF-8 actually) to copy filtered resources, i.e. build is platform dependent!
2015-10-13 16:28:24,237 [Worker-19] INFO  o.e.m.c.i.embedder.EclipseLogger - Copying 0 resource
2015-10-13 16:28:24,239 [Worker-19] WARN  o.e.m.c.i.embedder.EclipseLogger - Using platform encoding (UTF-8 actually) to copy filtered resources, i.e. build is platform dependent!
2015-10-13 16:28:24,240 [Worker-19] INFO  o.e.m.c.i.embedder.EclipseLogger - skip non existing resourceDirectory /Users/Hanlu/Desktop/qinyang_oa_system/oa_system/src/test/resources
2015-10-13 16:28:31,329 [Worker-11] WARN  o.e.m.c.i.embedder.EclipseLogger - Using platform encoding (UTF-8 actually) to copy filtered resources, i.e. build is platform dependent!
2015-10-13 16:28:31,332 [Worker-11] INFO  o.e.m.c.i.embedder.EclipseLogger - Copying 0 resource
2015-10-13 16:28:31,335 [Worker-11] WARN  o.e.m.c.i.embedder.EclipseLogger - Using platform encoding (UTF-8 actually) to copy filtered resources, i.e. build is platform dependent!
2015-10-13 16:28:31,336 [Worker-11] INFO  o.e.m.c.i.embedder.EclipseLogger - skip non existing resourceDirectory /Users/Hanlu/Desktop/qinyang_oa_system/oa_system/src/test/resources
2015-10-13 16:31:24,366 [Worker-19] INFO  o.e.m.i.launch.MavenLaunchDelegate - /Users/Hanlu/Desktop/qinyang_oa_system/oa_system
2015-10-13 16:31:24,367 [Worker-19] INFO  o.e.m.i.launch.MavenLaunchDelegate -  mvn  -B install
2015-10-13 16:31:31,033 [Worker-20] WARN  o.e.m.c.i.embedder.EclipseLogger - Using platform encoding (UTF-8 actually) to copy filtered resources, i.e. build is platform dependent!
2015-10-13 16:31:31,043 [Worker-20] INFO  o.e.m.c.i.embedder.EclipseLogger - Copying 0 resource
2015-10-13 16:31:31,044 [Worker-20] WARN  o.e.m.c.i.embedder.EclipseLogger - Using platform encoding (UTF-8 actually) to copy filtered resources, i.e. build is platform dependent!
2015-10-13 16:31:31,045 [Worker-20] INFO  o.e.m.c.i.embedder.EclipseLogger - skip non existing resourceDirectory /Users/Hanlu/Desktop/qinyang_oa_system/oa_system/src/test/resources
2015-10-13 16:32:24,965 [Worker-19] INFO  o.e.m.i.launch.MavenLaunchDelegate - /Users/Hanlu/Desktop/qinyang_oa_system/oa_system
2015-10-13 16:32:24,968 [Worker-19] INFO  o.e.m.i.launch.MavenLaunchDelegate -  mvn  -B install
2015-10-13 16:32:29,628 [Worker-22] WARN  o.e.m.c.i.embedder.EclipseLogger - Using platform encoding (UTF-8 actually) to copy filtered resources, i.e. build is platform dependent!
2015-10-13 16:32:29,637 [Worker-22] INFO  o.e.m.c.i.embedder.EclipseLogger - Copying 0 resource
2015-10-13 16:32:29,638 [Worker-22] WARN  o.e.m.c.i.embedder.EclipseLogger - Using platform encoding (UTF-8 actually) to copy filtered resources, i.e. build is platform dependent!
2015-10-13 16:32:29,640 [Worker-22] INFO  o.e.m.c.i.embedder.EclipseLogger - skip non existing resourceDirectory /Users/Hanlu/Desktop/qinyang_oa_system/oa_system/src/test/resources
2015-10-13 16:33:22,515 [Worker-19] INFO  o.e.m.c.i.l.LifecycleMappingFactory - Using org.maven.ide.eclipse.wtp.WarLifecycleMapping lifecycle mapping for MavenProject: com.javahash.web:Spring4MVCHelloWorld:1.0-SNAPSHOT @ /Users/Hanlu/Desktop/qinyang_oa_system/oa_system/pom.xml.
2015-10-13 16:33:23,543 [Worker-19] WARN  o.e.m.c.i.embedder.EclipseLogger - Using platform encoding (UTF-8 actually) to copy filtered resources, i.e. build is platform dependent!
2015-10-13 16:33:23,546 [Worker-19] INFO  o.e.m.c.i.embedder.EclipseLogger - Copying 0 resource
2015-10-13 16:33:23,549 [Worker-19] WARN  o.e.m.c.i.embedder.EclipseLogger - Using platform encoding (UTF-8 actually) to copy filtered resources, i.e. build is platform dependent!
2015-10-13 16:33:23,549 [Worker-19] INFO  o.e.m.c.i.embedder.EclipseLogger - skip non existing resourceDirectory /Users/Hanlu/Desktop/qinyang_oa_system/oa_system/src/test/resources
2015-10-13 16:33:23,550 [Worker-19] INFO  o.e.m.w.i.f.ResourceFilteringBuildParticipant - Changed resources require a complete clean of filtered resources of oa_system
2015-10-13 16:33:23,551 [Worker-19] INFO  o.e.m.w.i.f.ResourceFilteringBuildParticipant - Executing resource filtering for oa_system
2015-10-13 16:33:23,560 [Worker-19] WARN  o.e.m.c.i.embedder.EclipseLogger - Using platform encoding (UTF-8 actually) to copy filtered resources, i.e. build is platform dependent!
2015-10-13 16:33:24,973 [Worker-20] WARN  o.e.m.c.i.embedder.EclipseLogger - Using platform encoding (UTF-8 actually) to copy filtered resources, i.e. build is platform dependent!
2015-10-13 16:33:24,974 [Worker-20] INFO  o.e.m.c.i.embedder.EclipseLogger - Copying 0 resource
2015-10-13 16:33:24,975 [Worker-20] WARN  o.e.m.c.i.embedder.EclipseLogger - Using platform encoding (UTF-8 actually) to copy filtered resources, i.e. build is platform dependent!
2015-10-13 16:33:24,976 [Worker-20] INFO  o.e.m.c.i.embedder.EclipseLogger - skip non existing resourceDirectory /Users/Hanlu/Desktop/qinyang_oa_system/oa_system/src/test/resources
2015-10-13 16:35:26,137 [Worker-21] WARN  o.e.m.c.i.embedder.EclipseLogger - Using platform encoding (UTF-8 actually) to copy filtered resources, i.e. build is platform dependent!
2015-10-13 16:35:26,138 [Worker-21] INFO  o.e.m.c.i.embedder.EclipseLogger - Copying 0 resource
2015-10-13 16:35:26,140 [Worker-21] WARN  o.e.m.c.i.embedder.EclipseLogger - Using platform encoding (UTF-8 actually) to copy filtered resources, i.e. build is platform dependent!
2015-10-13 16:35:26,141 [Worker-21] INFO  o.e.m.c.i.embedder.EclipseLogger - skip non existing resourceDirectory /Users/Hanlu/Desktop/qinyang_oa_system/oa_system/src/test/resources
2015-10-13 16:38:14,199 [Worker-24] WARN  o.e.m.c.i.embedder.EclipseLogger - Using platform encoding (UTF-8 actually) to copy filtered resources, i.e. build is platform dependent!
2015-10-13 16:38:14,208 [Worker-24] INFO  o.e.m.c.i.embedder.EclipseLogger - Copying 0 resource
2015-10-13 16:38:14,212 [Worker-24] WARN  o.e.m.c.i.embedder.EclipseLogger - Using platform encoding (UTF-8 actually) to copy filtered resources, i.e. build is platform dependent!
2015-10-13 16:38:14,213 [Worker-24] INFO  o.e.m.c.i.embedder.EclipseLogger - skip non existing resourceDirectory /Users/Hanlu/Desktop/qinyang_oa_system/oa_system/src/test/resources
2015-10-13 16:38:28,378 [Worker-22] WARN  o.e.m.c.i.embedder.EclipseLogger - Using platform encoding (UTF-8 actually) to copy filtered resources, i.e. build is platform dependent!
2015-10-13 16:38:28,387 [Worker-22] INFO  o.e.m.c.i.embedder.EclipseLogger - Copying 0 resource
2015-10-13 16:38:28,389 [Worker-22] WARN  o.e.m.c.i.embedder.EclipseLogger - Using platform encoding (UTF-8 actually) to copy filtered resources, i.e. build is platform dependent!
2015-10-13 16:38:28,390 [Worker-22] INFO  o.e.m.c.i.embedder.EclipseLogger - skip non existing resourceDirectory /Users/Hanlu/Desktop/qinyang_oa_system/oa_system/src/test/resources
2015-10-13 16:39:02,479 [Worker-25] WARN  o.e.m.c.i.embedder.EclipseLogger - Using platform encoding (UTF-8 actually) to copy filtered resources, i.e. build is platform dependent!
2015-10-13 16:39:02,481 [Worker-25] INFO  o.e.m.c.i.embedder.EclipseLogger - Copying 0 resource
2015-10-13 16:39:02,483 [Worker-25] WARN  o.e.m.c.i.embedder.EclipseLogger - Using platform encoding (UTF-8 actually) to copy filtered resources, i.e. build is platform dependent!
2015-10-13 16:39:02,487 [Worker-25] INFO  o.e.m.c.i.embedder.EclipseLogger - skip non existing resourceDirectory /Users/Hanlu/Desktop/qinyang_oa_system/oa_system/src/test/resources
2015-10-13 16:41:07,449 [Worker-29] WARN  o.e.m.c.i.embedder.EclipseLogger - Using platform encoding (UTF-8 actually) to copy filtered resources, i.e. build is platform dependent!
2015-10-13 16:41:07,451 [Worker-29] INFO  o.e.m.c.i.embedder.EclipseLogger - Copying 0 resource
2015-10-13 16:41:07,452 [Worker-29] WARN  o.e.m.c.i.embedder.EclipseLogger - Using platform encoding (UTF-8 actually) to copy filtered resources, i.e. build is platform dependent!
2015-10-13 16:41:07,453 [Worker-29] INFO  o.e.m.c.i.embedder.EclipseLogger - skip non existing resourceDirectory /Users/Hanlu/Desktop/qinyang_oa_system/oa_system/src/test/resources
2015-10-13 16:41:58,676 [Worker-28] WARN  o.e.m.c.i.embedder.EclipseLogger - Using platform encoding (UTF-8 actually) to copy filtered resources, i.e. build is platform dependent!
2015-10-13 16:41:58,677 [Worker-28] INFO  o.e.m.c.i.embedder.EclipseLogger - Copying 0 resource
2015-10-13 16:41:58,679 [Worker-28] WARN  o.e.m.c.i.embedder.EclipseLogger - Using platform encoding (UTF-8 actually) to copy filtered resources, i.e. build is platform dependent!
2015-10-13 16:41:58,679 [Worker-28] INFO  o.e.m.c.i.embedder.EclipseLogger - skip non existing resourceDirectory /Users/Hanlu/Desktop/qinyang_oa_system/oa_system/src/test/resources
2015-10-13 16:49:53,805 [Worker-33] WARN  o.e.m.c.i.embedder.EclipseLogger - Using platform encoding (UTF-8 actually) to copy filtered resources, i.e. build is platform dependent!
2015-10-13 16:49:53,806 [Worker-33] INFO  o.e.m.c.i.embedder.EclipseLogger - Copying 0 resource
2015-10-13 16:49:53,809 [Worker-33] WARN  o.e.m.c.i.embedder.EclipseLogger - Using platform encoding (UTF-8 actually) to copy filtered resources, i.e. build is platform dependent!
2015-10-13 16:49:53,809 [Worker-33] INFO  o.e.m.c.i.embedder.EclipseLogger - skip non existing resourceDirectory /Users/Hanlu/Desktop/qinyang_oa_system/oa_system/src/test/resources
2015-10-13 16:53:13,018 [Worker-37] WARN  o.e.m.c.i.embedder.EclipseLogger - Using platform encoding (UTF-8 actually) to copy filtered resources, i.e. build is platform dependent!
2015-10-13 16:53:13,028 [Worker-37] INFO  o.e.m.c.i.embedder.EclipseLogger - Copying 0 resource
2015-10-13 16:53:13,033 [Worker-37] WARN  o.e.m.c.i.embedder.EclipseLogger - Using platform encoding (UTF-8 actually) to copy filtered resources, i.e. build is platform dependent!
2015-10-13 16:53:13,033 [Worker-37] INFO  o.e.m.c.i.embedder.EclipseLogger - skip non existing resourceDirectory /Users/Hanlu/Desktop/qinyang_oa_system/oa_system/src/test/resources
2015-10-13 16:57:03,378 [Worker-37] WARN  o.e.m.c.i.embedder.EclipseLogger - Using platform encoding (UTF-8 actually) to copy filtered resources, i.e. build is platform dependent!
2015-10-13 16:57:03,380 [Worker-37] INFO  o.e.m.c.i.embedder.EclipseLogger - Copying 0 resource
2015-10-13 16:57:03,383 [Worker-37] WARN  o.e.m.c.i.embedder.EclipseLogger - Using platform encoding (UTF-8 actually) to copy filtered resources, i.e. build is platform dependent!
2015-10-13 16:57:03,384 [Worker-37] INFO  o.e.m.c.i.embedder.EclipseLogger - skip non existing resourceDirectory /Users/Hanlu/Desktop/qinyang_oa_system/oa_system/src/test/resources
2015-10-13 17:01:32,111 [Worker-41] WARN  o.e.m.c.i.embedder.EclipseLogger - Using platform encoding (UTF-8 actually) to copy filtered resources, i.e. build is platform dependent!
2015-10-13 17:01:32,114 [Worker-41] INFO  o.e.m.c.i.embedder.EclipseLogger - Copying 0 resource
2015-10-13 17:01:32,116 [Worker-41] WARN  o.e.m.c.i.embedder.EclipseLogger - Using platform encoding (UTF-8 actually) to copy filtered resources, i.e. build is platform dependent!
2015-10-13 17:01:32,117 [Worker-41] INFO  o.e.m.c.i.embedder.EclipseLogger - skip non existing resourceDirectory /Users/Hanlu/Desktop/qinyang_oa_system/oa_system/src/test/resources
2015-10-13 17:03:50,364 [Worker-45] WARN  o.e.m.c.i.embedder.EclipseLogger - Using platform encoding (UTF-8 actually) to copy filtered resources, i.e. build is platform dependent!
2015-10-13 17:03:50,365 [Worker-45] INFO  o.e.m.c.i.embedder.EclipseLogger - Copying 0 resource
2015-10-13 17:03:50,367 [Worker-45] WARN  o.e.m.c.i.embedder.EclipseLogger - Using platform encoding (UTF-8 actually) to copy filtered resources, i.e. build is platform dependent!
2015-10-13 17:03:50,368 [Worker-45] INFO  o.e.m.c.i.embedder.EclipseLogger - skip non existing resourceDirectory /Users/Hanlu/Desktop/qinyang_oa_system/oa_system/src/test/resources
2015-10-13 17:04:38,205 [Worker-39] WARN  o.e.m.c.i.embedder.EclipseLogger - Using platform encoding (UTF-8 actually) to copy filtered resources, i.e. build is platform dependent!
2015-10-13 17:04:38,206 [Worker-39] INFO  o.e.m.c.i.embedder.EclipseLogger - Copying 0 resource
2015-10-13 17:04:38,208 [Worker-39] WARN  o.e.m.c.i.embedder.EclipseLogger - Using platform encoding (UTF-8 actually) to copy filtered resources, i.e. build is platform dependent!
2015-10-13 17:04:38,209 [Worker-39] INFO  o.e.m.c.i.embedder.EclipseLogger - skip non existing resourceDirectory /Users/Hanlu/Desktop/qinyang_oa_system/oa_system/src/test/resources
2015-10-13 18:08:41,359 [Worker-76] WARN  o.e.m.c.i.embedder.EclipseLogger - Using platform encoding (UTF-8 actually) to copy filtered resources, i.e. build is platform dependent!
2015-10-13 18:08:41,364 [Worker-76] INFO  o.e.m.c.i.embedder.EclipseLogger - Copying 0 resource
2015-10-13 18:08:41,367 [Worker-76] WARN  o.e.m.c.i.embedder.EclipseLogger - Using platform encoding (UTF-8 actually) to copy filtered resources, i.e. build is platform dependent!
2015-10-13 18:08:41,369 [Worker-76] INFO  o.e.m.c.i.embedder.EclipseLogger - skip non existing resourceDirectory /Users/Hanlu/Desktop/qinyang_oa_system/oa_system/src/test/resources
2015-10-13 18:10:27,776 [Worker-73] WARN  o.e.m.c.i.embedder.EclipseLogger - Using platform encoding (UTF-8 actually) to copy filtered resources, i.e. build is platform dependent!
2015-10-13 18:10:27,778 [Worker-73] INFO  o.e.m.c.i.embedder.EclipseLogger - Copying 0 resource
2015-10-13 18:10:27,781 [Worker-73] WARN  o.e.m.c.i.embedder.EclipseLogger - Using platform encoding (UTF-8 actually) to copy filtered resources, i.e. build is platform dependent!
2015-10-13 18:10:27,781 [Worker-73] INFO  o.e.m.c.i.embedder.EclipseLogger - skip non existing resourceDirectory /Users/Hanlu/Desktop/qinyang_oa_system/oa_system/src/test/resources
2015-10-13 18:13:33,922 [Worker-76] WARN  o.e.m.c.i.embedder.EclipseLogger - Using platform encoding (UTF-8 actually) to copy filtered resources, i.e. build is platform dependent!
2015-10-13 18:13:33,923 [Worker-76] INFO  o.e.m.c.i.embedder.EclipseLogger - Copying 0 resource
2015-10-13 18:13:33,925 [Worker-76] WARN  o.e.m.c.i.embedder.EclipseLogger - Using platform encoding (UTF-8 actually) to copy filtered resources, i.e. build is platform dependent!
2015-10-13 18:13:33,925 [Worker-76] INFO  o.e.m.c.i.embedder.EclipseLogger - skip non existing resourceDirectory /Users/Hanlu/Desktop/qinyang_oa_system/oa_system/src/test/resources
2015-10-13 18:18:16,010 [Worker-77] WARN  o.e.m.c.i.embedder.EclipseLogger - Using platform encoding (UTF-8 actually) to copy filtered resources, i.e. build is platform dependent!
2015-10-13 18:18:16,011 [Worker-77] INFO  o.e.m.c.i.embedder.EclipseLogger - Copying 0 resource
2015-10-13 18:18:16,013 [Worker-77] WARN  o.e.m.c.i.embedder.EclipseLogger - Using platform encoding (UTF-8 actually) to copy filtered resources, i.e. build is platform dependent!
2015-10-13 18:18:16,014 [Worker-77] INFO  o.e.m.c.i.embedder.EclipseLogger - skip non existing resourceDirectory /Users/Hanlu/Desktop/qinyang_oa_system/oa_system/src/test/resources
2015-10-13 18:19:23,726 [Worker-87] WARN  o.e.m.c.i.embedder.EclipseLogger - Using platform encoding (UTF-8 actually) to copy filtered resources, i.e. build is platform dependent!
2015-10-13 18:19:23,735 [Worker-87] INFO  o.e.m.c.i.embedder.EclipseLogger - Copying 0 resource
2015-10-13 18:19:23,736 [Worker-87] WARN  o.e.m.c.i.embedder.EclipseLogger - Using platform encoding (UTF-8 actually) to copy filtered resources, i.e. build is platform dependent!
2015-10-13 18:19:23,736 [Worker-87] INFO  o.e.m.c.i.embedder.EclipseLogger - skip non existing resourceDirectory /Users/Hanlu/Desktop/qinyang_oa_system/oa_system/src/test/resources
2015-10-13 18:20:28,618 [Worker-88] WARN  o.e.m.c.i.embedder.EclipseLogger - Using platform encoding (UTF-8 actually) to copy filtered resources, i.e. build is platform dependent!
2015-10-13 18:20:28,620 [Worker-88] INFO  o.e.m.c.i.embedder.EclipseLogger - Copying 0 resource
2015-10-13 18:20:28,621 [Worker-88] WARN  o.e.m.c.i.embedder.EclipseLogger - Using platform encoding (UTF-8 actually) to copy filtered resources, i.e. build is platform dependent!
2015-10-13 18:20:28,622 [Worker-88] INFO  o.e.m.c.i.embedder.EclipseLogger - skip non existing resourceDirectory /Users/Hanlu/Desktop/qinyang_oa_system/oa_system/src/test/resources
2015-10-13 18:28:31,760 [Worker-91] WARN  o.e.m.c.i.embedder.EclipseLogger - Using platform encoding (UTF-8 actually) to copy filtered resources, i.e. build is platform dependent!
2015-10-13 18:28:31,763 [Worker-91] INFO  o.e.m.c.i.embedder.EclipseLogger - Copying 0 resource
2015-10-13 18:28:31,764 [Worker-91] WARN  o.e.m.c.i.embedder.EclipseLogger - Using platform encoding (UTF-8 actually) to copy filtered resources, i.e. build is platform dependent!
2015-10-13 18:28:31,765 [Worker-91] INFO  o.e.m.c.i.embedder.EclipseLogger - skip non existing resourceDirectory /Users/Hanlu/Desktop/qinyang_oa_system/oa_system/src/test/resources
2015-10-13 18:29:17,137 [Worker-92] WARN  o.e.m.c.i.embedder.EclipseLogger - Using platform encoding (UTF-8 actually) to copy filtered resources, i.e. build is platform dependent!
2015-10-13 18:29:17,139 [Worker-92] INFO  o.e.m.c.i.embedder.EclipseLogger - Copying 0 resource
2015-10-13 18:29:17,142 [Worker-92] WARN  o.e.m.c.i.embedder.EclipseLogger - Using platform encoding (UTF-8 actually) to copy filtered resources, i.e. build is platform dependent!
2015-10-13 18:29:17,143 [Worker-92] INFO  o.e.m.c.i.embedder.EclipseLogger - skip non existing resourceDirectory /Users/Hanlu/Desktop/qinyang_oa_system/oa_system/src/test/resources
2015-10-13 18:44:58,949 [Worker-89] WARN  o.e.m.c.i.embedder.EclipseLogger - Using platform encoding (UTF-8 actually) to copy filtered resources, i.e. build is platform dependent!
2015-10-13 18:44:58,955 [Worker-89] INFO  o.e.m.c.i.embedder.EclipseLogger - Copying 0 resource
2015-10-13 18:44:58,957 [Worker-89] WARN  o.e.m.c.i.embedder.EclipseLogger - Using platform encoding (UTF-8 actually) to copy filtered resources, i.e. build is platform dependent!
2015-10-13 18:44:58,957 [Worker-89] INFO  o.e.m.c.i.embedder.EclipseLogger - skip non existing resourceDirectory /Users/Hanlu/Desktop/qinyang_oa_system/oa_system/src/test/resources
2015-10-13 18:45:24,420 [Worker-97] WARN  o.e.m.c.i.embedder.EclipseLogger - Using platform encoding (UTF-8 actually) to copy filtered resources, i.e. build is platform dependent!
2015-10-13 18:45:24,421 [Worker-97] INFO  o.e.m.c.i.embedder.EclipseLogger - Copying 0 resource
2015-10-13 18:45:24,422 [Worker-97] WARN  o.e.m.c.i.embedder.EclipseLogger - Using platform encoding (UTF-8 actually) to copy filtered resources, i.e. build is platform dependent!
2015-10-13 18:45:24,423 [Worker-97] INFO  o.e.m.c.i.embedder.EclipseLogger - skip non existing resourceDirectory /Users/Hanlu/Desktop/qinyang_oa_system/oa_system/src/test/resources
2015-10-13 18:46:50,573 [Worker-94] INFO  o.e.m.i.launch.MavenLaunchDelegate - /Users/Hanlu/Desktop/qinyang_oa_system/oa_system
2015-10-13 18:46:50,574 [Worker-94] INFO  o.e.m.i.launch.MavenLaunchDelegate -  mvn  -B install
2015-10-13 18:46:57,724 [Worker-99] WARN  o.e.m.c.i.embedder.EclipseLogger - Using platform encoding (UTF-8 actually) to copy filtered resources, i.e. build is platform dependent!
2015-10-13 18:46:57,733 [Worker-99] INFO  o.e.m.c.i.embedder.EclipseLogger - Copying 0 resource
2015-10-13 18:46:57,734 [Worker-99] WARN  o.e.m.c.i.embedder.EclipseLogger - Using platform encoding (UTF-8 actually) to copy filtered resources, i.e. build is platform dependent!
2015-10-13 18:46:57,734 [Worker-99] INFO  o.e.m.c.i.embedder.EclipseLogger - skip non existing resourceDirectory /Users/Hanlu/Desktop/qinyang_oa_system/oa_system/src/test/resources
2015-10-13 18:47:29,154 [main] INFO  o.e.m2e.actions.ExecutePomAction - Creating new launch configuration
2015-10-13 18:47:39,680 [Worker-97] INFO  o.e.m.i.launch.MavenLaunchDelegate - /Users/Hanlu/Desktop/qinyang_oa_system/oa_system
2015-10-13 18:47:39,680 [Worker-97] INFO  o.e.m.i.launch.MavenLaunchDelegate -  mvn  -B install
2015-10-13 18:47:44,606 [Worker-94] WARN  o.e.m.c.i.embedder.EclipseLogger - Using platform encoding (UTF-8 actually) to copy filtered resources, i.e. build is platform dependent!
2015-10-13 18:47:44,616 [Worker-94] INFO  o.e.m.c.i.embedder.EclipseLogger - Copying 0 resource
2015-10-13 18:47:44,617 [Worker-94] WARN  o.e.m.c.i.embedder.EclipseLogger - Using platform encoding (UTF-8 actually) to copy filtered resources, i.e. build is platform dependent!
2015-10-13 18:47:44,617 [Worker-94] INFO  o.e.m.c.i.embedder.EclipseLogger - skip non existing resourceDirectory /Users/Hanlu/Desktop/qinyang_oa_system/oa_system/src/test/resources
2015-10-13 18:48:02,316 [Worker-97] INFO  o.e.m.c.i.l.LifecycleMappingFactory - Using org.maven.ide.eclipse.wtp.WarLifecycleMapping lifecycle mapping for MavenProject: com.javahash.web:Spring4MVCHelloWorld:1.0-SNAPSHOT @ /Users/Hanlu/Desktop/qinyang_oa_system/oa_system/pom.xml.
2015-10-13 18:48:03,272 [Worker-97] WARN  o.e.m.c.i.embedder.EclipseLogger - Using platform encoding (UTF-8 actually) to copy filtered resources, i.e. build is platform dependent!
2015-10-13 18:48:03,274 [Worker-97] INFO  o.e.m.c.i.embedder.EclipseLogger - Copying 0 resource
2015-10-13 18:48:03,277 [Worker-97] WARN  o.e.m.c.i.embedder.EclipseLogger - Using platform encoding (UTF-8 actually) to copy filtered resources, i.e. build is platform dependent!
2015-10-13 18:48:03,278 [Worker-97] INFO  o.e.m.c.i.embedder.EclipseLogger - skip non existing resourceDirectory /Users/Hanlu/Desktop/qinyang_oa_system/oa_system/src/test/resources
2015-10-13 18:48:03,278 [Worker-97] INFO  o.e.m.w.i.f.ResourceFilteringBuildParticipant - Changed resources require a complete clean of filtered resources of oa_system
2015-10-13 18:48:03,278 [Worker-97] INFO  o.e.m.w.i.f.ResourceFilteringBuildParticipant - Executing resource filtering for oa_system
2015-10-13 18:48:03,285 [Worker-97] WARN  o.e.m.c.i.embedder.EclipseLogger - Using platform encoding (UTF-8 actually) to copy filtered resources, i.e. build is platform dependent!
2015-10-13 18:48:04,415 [Worker-95] WARN  o.e.m.c.i.embedder.EclipseLogger - Using platform encoding (UTF-8 actually) to copy filtered resources, i.e. build is platform dependent!
2015-10-13 18:48:04,416 [Worker-95] INFO  o.e.m.c.i.embedder.EclipseLogger - Copying 0 resource
2015-10-13 18:48:04,417 [Worker-95] WARN  o.e.m.c.i.embedder.EclipseLogger - Using platform encoding (UTF-8 actually) to copy filtered resources, i.e. build is platform dependent!
2015-10-13 18:48:04,417 [Worker-95] INFO  o.e.m.c.i.embedder.EclipseLogger - skip non existing resourceDirectory /Users/Hanlu/Desktop/qinyang_oa_system/oa_system/src/test/resources
2015-10-13 18:49:03,371 [Worker-89] WARN  o.e.m.c.i.embedder.EclipseLogger - Using platform encoding (UTF-8 actually) to copy filtered resources, i.e. build is platform dependent!
2015-10-13 18:49:03,373 [Worker-89] INFO  o.e.m.c.i.embedder.EclipseLogger - Copying 0 resource
2015-10-13 18:49:03,374 [Worker-89] WARN  o.e.m.c.i.embedder.EclipseLogger - Using platform encoding (UTF-8 actually) to copy filtered resources, i.e. build is platform dependent!
2015-10-13 18:49:03,374 [Worker-89] INFO  o.e.m.c.i.embedder.EclipseLogger - skip non existing resourceDirectory /Users/Hanlu/Desktop/qinyang_oa_system/oa_system/src/test/resources
2015-10-13 18:54:21,805 [Worker-89] INFO  o.e.m.c.i.e.AbstractTransferListenerAdapter - Downloading https://repo.maven.apache.org/maven2/org/mybatis/mybatis/3.2.4/mybatis-3.2.4-sources.jar
2015-10-13 18:54:23,507 [Worker-89] INFO  o.e.m.c.i.e.AbstractTransferListenerAdapter - Downloaded https://repo.maven.apache.org/maven2/org/mybatis/mybatis/3.2.4/mybatis-3.2.4-sources.jar
2015-10-13 18:54:23,540 [Worker-89] INFO  o.e.m.j.internal.DownloadSourcesJob - Downloaded sources for org.mybatis:mybatis:3.2.4
2015-10-13 18:54:23,779 [Worker-97] WARN  o.e.m.c.i.embedder.EclipseLogger - Using platform encoding (UTF-8 actually) to copy filtered resources, i.e. build is platform dependent!
2015-10-13 18:54:23,782 [Worker-97] INFO  o.e.m.c.i.embedder.EclipseLogger - Copying 0 resource
2015-10-13 18:54:23,783 [Worker-97] WARN  o.e.m.c.i.embedder.EclipseLogger - Using platform encoding (UTF-8 actually) to copy filtered resources, i.e. build is platform dependent!
2015-10-13 18:54:23,783 [Worker-97] INFO  o.e.m.c.i.embedder.EclipseLogger - skip non existing resourceDirectory /Users/Hanlu/Desktop/qinyang_oa_system/oa_system/src/test/resources
2015-10-13 19:06:58,182 [Worker-103] WARN  o.e.m.c.i.embedder.EclipseLogger - Using platform encoding (UTF-8 actually) to copy filtered resources, i.e. build is platform dependent!
2015-10-13 19:06:58,185 [Worker-103] INFO  o.e.m.c.i.embedder.EclipseLogger - Copying 0 resource
2015-10-13 19:06:58,186 [Worker-103] WARN  o.e.m.c.i.embedder.EclipseLogger - Using platform encoding (UTF-8 actually) to copy filtered resources, i.e. build is platform dependent!
2015-10-13 19:06:58,188 [Worker-103] INFO  o.e.m.c.i.embedder.EclipseLogger - skip non existing resourceDirectory /Users/Hanlu/Desktop/qinyang_oa_system/oa_system/src/test/resources
2015-10-13 19:07:19,777 [Worker-103] WARN  o.e.m.c.i.embedder.EclipseLogger - Using platform encoding (UTF-8 actually) to copy filtered resources, i.e. build is platform dependent!
2015-10-13 19:07:19,779 [Worker-103] INFO  o.e.m.c.i.embedder.EclipseLogger - Copying 0 resource
2015-10-13 19:07:19,781 [Worker-103] WARN  o.e.m.c.i.embedder.EclipseLogger - Using platform encoding (UTF-8 actually) to copy filtered resources, i.e. build is platform dependent!
2015-10-13 19:07:19,781 [Worker-103] INFO  o.e.m.c.i.embedder.EclipseLogger - skip non existing resourceDirectory /Users/Hanlu/Desktop/qinyang_oa_system/oa_system/src/test/resources
2015-10-13 19:08:56,083 [Worker-106] WARN  o.e.m.c.i.embedder.EclipseLogger - Using platform encoding (UTF-8 actually) to copy filtered resources, i.e. build is platform dependent!
2015-10-13 19:08:56,085 [Worker-106] INFO  o.e.m.c.i.embedder.EclipseLogger - Copying 0 resource
2015-10-13 19:08:56,087 [Worker-106] WARN  o.e.m.c.i.embedder.EclipseLogger - Using platform encoding (UTF-8 actually) to copy filtered resources, i.e. build is platform dependent!
2015-10-13 19:08:56,087 [Worker-106] INFO  o.e.m.c.i.embedder.EclipseLogger - skip non existing resourceDirectory /Users/Hanlu/Desktop/qinyang_oa_system/oa_system/src/test/resources
2015-10-13 19:10:16,395 [Worker-106] WARN  o.e.m.c.i.embedder.EclipseLogger - Using platform encoding (UTF-8 actually) to copy filtered resources, i.e. build is platform dependent!
2015-10-13 19:10:16,396 [Worker-106] INFO  o.e.m.c.i.embedder.EclipseLogger - Copying 0 resource
2015-10-13 19:10:16,398 [Worker-106] WARN  o.e.m.c.i.embedder.EclipseLogger - Using platform encoding (UTF-8 actually) to copy filtered resources, i.e. build is platform dependent!
2015-10-13 19:10:16,398 [Worker-106] INFO  o.e.m.c.i.embedder.EclipseLogger - skip non existing resourceDirectory /Users/Hanlu/Desktop/qinyang_oa_system/oa_system/src/test/resources
2015-10-13 19:16:38,071 [Worker-110] WARN  o.e.m.c.i.embedder.EclipseLogger - Using platform encoding (UTF-8 actually) to copy filtered resources, i.e. build is platform dependent!
2015-10-13 19:16:38,072 [Worker-110] INFO  o.e.m.c.i.embedder.EclipseLogger - Copying 0 resource
2015-10-13 19:16:38,074 [Worker-110] WARN  o.e.m.c.i.embedder.EclipseLogger - Using platform encoding (UTF-8 actually) to copy filtered resources, i.e. build is platform dependent!
2015-10-13 19:16:38,075 [Worker-110] INFO  o.e.m.c.i.embedder.EclipseLogger - skip non existing resourceDirectory /Users/Hanlu/Desktop/qinyang_oa_system/oa_system/src/test/resources
2015-10-13 19:40:08,913 [Worker-117] WARN  o.e.m.c.i.embedder.EclipseLogger - Using platform encoding (UTF-8 actually) to copy filtered resources, i.e. build is platform dependent!
2015-10-13 19:40:08,916 [Worker-117] INFO  o.e.m.c.i.embedder.EclipseLogger - Copying 0 resource
2015-10-13 19:40:08,918 [Worker-117] WARN  o.e.m.c.i.embedder.EclipseLogger - Using platform encoding (UTF-8 actually) to copy filtered resources, i.e. build is platform dependent!
2015-10-13 19:40:08,919 [Worker-117] INFO  o.e.m.c.i.embedder.EclipseLogger - skip non existing resourceDirectory /Users/Hanlu/Desktop/qinyang_oa_system/oa_system/src/test/resources
2015-10-13 19:41:24,477 [Worker-116] WARN  o.e.m.c.i.embedder.EclipseLogger - Using platform encoding (UTF-8 actually) to copy filtered resources, i.e. build is platform dependent!
2015-10-13 19:41:24,478 [Worker-116] INFO  o.e.m.c.i.embedder.EclipseLogger - Copying 0 resource
2015-10-13 19:41:24,480 [Worker-116] WARN  o.e.m.c.i.embedder.EclipseLogger - Using platform encoding (UTF-8 actually) to copy filtered resources, i.e. build is platform dependent!
2015-10-13 19:41:24,481 [Worker-116] INFO  o.e.m.c.i.embedder.EclipseLogger - skip non existing resourceDirectory /Users/Hanlu/Desktop/qinyang_oa_system/oa_system/src/test/resources
2015-10-13 19:43:20,675 [Worker-118] WARN  o.e.m.c.i.embedder.EclipseLogger - Using platform encoding (UTF-8 actually) to copy filtered resources, i.e. build is platform dependent!
2015-10-13 19:43:20,677 [Worker-118] INFO  o.e.m.c.i.embedder.EclipseLogger - Copying 0 resource
2015-10-13 19:43:20,678 [Worker-118] WARN  o.e.m.c.i.embedder.EclipseLogger - Using platform encoding (UTF-8 actually) to copy filtered resources, i.e. build is platform dependent!
2015-10-13 19:43:20,679 [Worker-118] INFO  o.e.m.c.i.embedder.EclipseLogger - skip non existing resourceDirectory /Users/Hanlu/Desktop/qinyang_oa_system/oa_system/src/test/resources
2015-10-13 19:45:08,160 [Worker-120] WARN  o.e.m.c.i.embedder.EclipseLogger - Using platform encoding (UTF-8 actually) to copy filtered resources, i.e. build is platform dependent!
2015-10-13 19:45:08,162 [Worker-120] INFO  o.e.m.c.i.embedder.EclipseLogger - Copying 0 resource
2015-10-13 19:45:08,163 [Worker-120] WARN  o.e.m.c.i.embedder.EclipseLogger - Using platform encoding (UTF-8 actually) to copy filtered resources, i.e. build is platform dependent!
2015-10-13 19:45:08,164 [Worker-120] INFO  o.e.m.c.i.embedder.EclipseLogger - skip non existing resourceDirectory /Users/Hanlu/Desktop/qinyang_oa_system/oa_system/src/test/resources
2015-10-13 19:48:09,881 [Worker-122] WARN  o.e.m.c.i.embedder.EclipseLogger - Using platform encoding (UTF-8 actually) to copy filtered resources, i.e. build is platform dependent!
2015-10-13 19:48:09,882 [Worker-122] INFO  o.e.m.c.i.embedder.EclipseLogger - Copying 0 resource
2015-10-13 19:48:09,884 [Worker-122] WARN  o.e.m.c.i.embedder.EclipseLogger - Using platform encoding (UTF-8 actually) to copy filtered resources, i.e. build is platform dependent!
2015-10-13 19:48:09,885 [Worker-122] INFO  o.e.m.c.i.embedder.EclipseLogger - skip non existing resourceDirectory /Users/Hanlu/Desktop/qinyang_oa_system/oa_system/src/test/resources
2015-10-13 19:49:38,395 [Worker-112] WARN  o.e.m.c.i.embedder.EclipseLogger - Using platform encoding (UTF-8 actually) to copy filtered resources, i.e. build is platform dependent!
2015-10-13 19:49:38,396 [Worker-112] INFO  o.e.m.c.i.embedder.EclipseLogger - Copying 0 resource
2015-10-13 19:49:38,397 [Worker-112] WARN  o.e.m.c.i.embedder.EclipseLogger - Using platform encoding (UTF-8 actually) to copy filtered resources, i.e. build is platform dependent!
2015-10-13 19:49:38,398 [Worker-112] INFO  o.e.m.c.i.embedder.EclipseLogger - skip non existing resourceDirectory /Users/Hanlu/Desktop/qinyang_oa_system/oa_system/src/test/resources
2015-10-13 19:51:11,107 [Worker-112] WARN  o.e.m.c.i.embedder.EclipseLogger - Using platform encoding (UTF-8 actually) to copy filtered resources, i.e. build is platform dependent!
2015-10-13 19:51:11,108 [Worker-112] INFO  o.e.m.c.i.embedder.EclipseLogger - Copying 0 resource
2015-10-13 19:51:11,113 [Worker-112] WARN  o.e.m.c.i.embedder.EclipseLogger - Using platform encoding (UTF-8 actually) to copy filtered resources, i.e. build is platform dependent!
2015-10-13 19:51:11,114 [Worker-112] INFO  o.e.m.c.i.embedder.EclipseLogger - skip non existing resourceDirectory /Users/Hanlu/Desktop/qinyang_oa_system/oa_system/src/test/resources
2015-10-13 19:54:31,527 [Worker-125] WARN  o.e.m.c.i.embedder.EclipseLogger - Using platform encoding (UTF-8 actually) to copy filtered resources, i.e. build is platform dependent!
2015-10-13 19:54:31,528 [Worker-125] INFO  o.e.m.c.i.embedder.EclipseLogger - Copying 0 resource
2015-10-13 19:54:31,530 [Worker-125] WARN  o.e.m.c.i.embedder.EclipseLogger - Using platform encoding (UTF-8 actually) to copy filtered resources, i.e. build is platform dependent!
2015-10-13 19:54:31,530 [Worker-125] INFO  o.e.m.c.i.embedder.EclipseLogger - skip non existing resourceDirectory /Users/Hanlu/Desktop/qinyang_oa_system/oa_system/src/test/resources
2015-10-13 19:58:18,274 [Worker-124] WARN  o.e.m.c.i.embedder.EclipseLogger - Using platform encoding (UTF-8 actually) to copy filtered resources, i.e. build is platform dependent!
2015-10-13 19:58:18,275 [Worker-124] INFO  o.e.m.c.i.embedder.EclipseLogger - Copying 0 resource
2015-10-13 19:58:18,276 [Worker-124] WARN  o.e.m.c.i.embedder.EclipseLogger - Using platform encoding (UTF-8 actually) to copy filtered resources, i.e. build is platform dependent!
2015-10-13 19:58:18,277 [Worker-124] INFO  o.e.m.c.i.embedder.EclipseLogger - skip non existing resourceDirectory /Users/Hanlu/Desktop/qinyang_oa_system/oa_system/src/test/resources
2015-10-13 20:01:11,533 [Worker-134] WARN  o.e.m.c.i.embedder.EclipseLogger - Using platform encoding (UTF-8 actually) to copy filtered resources, i.e. build is platform dependent!
2015-10-13 20:01:11,535 [Worker-134] INFO  o.e.m.c.i.embedder.EclipseLogger - Copying 0 resource
2015-10-13 20:01:11,536 [Worker-134] WARN  o.e.m.c.i.embedder.EclipseLogger - Using platform encoding (UTF-8 actually) to copy filtered resources, i.e. build is platform dependent!
2015-10-13 20:01:11,537 [Worker-134] INFO  o.e.m.c.i.embedder.EclipseLogger - skip non existing resourceDirectory /Users/Hanlu/Desktop/qinyang_oa_system/oa_system/src/test/resources
2015-10-13 20:03:13,475 [Worker-135] WARN  o.e.m.c.i.embedder.EclipseLogger - Using platform encoding (UTF-8 actually) to copy filtered resources, i.e. build is platform dependent!
2015-10-13 20:03:13,479 [Worker-135] INFO  o.e.m.c.i.embedder.EclipseLogger - Copying 0 resource
2015-10-13 20:03:13,481 [Worker-135] WARN  o.e.m.c.i.embedder.EclipseLogger - Using platform encoding (UTF-8 actually) to copy filtered resources, i.e. build is platform dependent!
2015-10-13 20:03:13,482 [Worker-135] INFO  o.e.m.c.i.embedder.EclipseLogger - skip non existing resourceDirectory /Users/Hanlu/Desktop/qinyang_oa_system/oa_system/src/test/resources
2015-10-13 20:05:39,190 [Worker-124] WARN  o.e.m.c.i.embedder.EclipseLogger - Using platform encoding (UTF-8 actually) to copy filtered resources, i.e. build is platform dependent!
2015-10-13 20:05:39,192 [Worker-124] INFO  o.e.m.c.i.embedder.EclipseLogger - Copying 0 resource
2015-10-13 20:05:39,193 [Worker-124] WARN  o.e.m.c.i.embedder.EclipseLogger - Using platform encoding (UTF-8 actually) to copy filtered resources, i.e. build is platform dependent!
2015-10-13 20:05:39,194 [Worker-124] INFO  o.e.m.c.i.embedder.EclipseLogger - skip non existing resourceDirectory /Users/Hanlu/Desktop/qinyang_oa_system/oa_system/src/test/resources
2015-10-13 20:08:14,683 [Worker-142] WARN  o.e.m.c.i.embedder.EclipseLogger - Using platform encoding (UTF-8 actually) to copy filtered resources, i.e. build is platform dependent!
2015-10-13 20:08:14,685 [Worker-142] INFO  o.e.m.c.i.embedder.EclipseLogger - Copying 0 resource
2015-10-13 20:08:14,686 [Worker-142] WARN  o.e.m.c.i.embedder.EclipseLogger - Using platform encoding (UTF-8 actually) to copy filtered resources, i.e. build is platform dependent!
2015-10-13 20:08:14,686 [Worker-142] INFO  o.e.m.c.i.embedder.EclipseLogger - skip non existing resourceDirectory /Users/Hanlu/Desktop/qinyang_oa_system/oa_system/src/test/resources
2015-10-13 20:10:19,661 [Worker-144] WARN  o.e.m.c.i.embedder.EclipseLogger - Using platform encoding (UTF-8 actually) to copy filtered resources, i.e. build is platform dependent!
2015-10-13 20:10:19,662 [Worker-144] INFO  o.e.m.c.i.embedder.EclipseLogger - Copying 0 resource
2015-10-13 20:10:19,663 [Worker-144] WARN  o.e.m.c.i.embedder.EclipseLogger - Using platform encoding (UTF-8 actually) to copy filtered resources, i.e. build is platform dependent!
2015-10-13 20:10:19,664 [Worker-144] INFO  o.e.m.c.i.embedder.EclipseLogger - skip non existing resourceDirectory /Users/Hanlu/Desktop/qinyang_oa_system/oa_system/src/test/resources
