2015-10-09 11:25:21,076 [ModalContext] INFO  o.e.m.c.i.e.AbstractTransferListenerAdapter - Downloading https://repo.maven.apache.org/maven2/org/apache/maven/archetypes/maven-archetype-webapp/1.0/maven-archetype-webapp-1.0.jar
2015-10-09 11:25:21,552 [ModalContext] INFO  o.e.m.c.i.e.AbstractTransferListenerAdapter - Downloaded https://repo.maven.apache.org/maven2/org/apache/maven/archetypes/maven-archetype-webapp/1.0/maven-archetype-webapp-1.0.jar
2015-10-09 11:25:22,006 [ModalContext] INFO  o.e.m.c.i.e.AbstractTransferListenerAdapter - Downloading https://repo.maven.apache.org/maven2/org/apache/maven/archetypes/maven-archetype-webapp/1.0/maven-archetype-webapp-1.0.pom
2015-10-09 11:25:22,473 [ModalContext] INFO  o.e.m.c.i.e.AbstractTransferListenerAdapter - Downloaded https://repo.maven.apache.org/maven2/org/apache/maven/archetypes/maven-archetype-webapp/1.0/maven-archetype-webapp-1.0.pom
2015-10-09 11:26:51,754 [Worker-5] INFO  o.e.m.c.i.p.ProjectConfigurationManager - Collecting project info '/pom.xml' /Users/Hanlu/Desktop/oa_system/guohong_oa/pom.xml
2015-10-09 11:27:06,168 [Worker-5] INFO  o.e.m.c.i.e.AbstractTransferListenerAdapter - Downloading https://repo.maven.apache.org/maven2/org/apache/maven/plugins/maven-war-plugin/2.2/maven-war-plugin-2.2.jar
2015-10-09 11:28:06,438 [Worker-5] INFO  o.e.m.c.i.e.AbstractTransferListenerAdapter - Downloaded https://repo.maven.apache.org/maven2/org/apache/maven/plugins/maven-war-plugin/2.2/maven-war-plugin-2.2.jar
2015-10-09 11:28:07,536 [Worker-5] INFO  o.e.m.c.i.l.LifecycleMappingFactory - Using org.maven.ide.eclipse.wtp.WarLifecycleMapping lifecycle mapping for MavenProject: com.guohong:guohong_oa:0.0.1-SNAPSHOT @ /Users/Hanlu/Desktop/oa_system/guohong_oa/pom.xml.
2015-10-09 11:28:08,066 [Worker-5] INFO  o.e.m.c.i.e.AbstractTransferListenerAdapter - Downloading https://repo.maven.apache.org/maven2/org/apache/maven/plugins/maven-war-plugin/2.2/maven-war-plugin-2.2.pom
2015-10-09 11:28:13,777 [Worker-5] INFO  o.e.m.c.i.e.AbstractTransferListenerAdapter - Downloaded https://repo.maven.apache.org/maven2/org/apache/maven/plugins/maven-war-plugin/2.2/maven-war-plugin-2.2.pom
2015-10-09 11:28:14,388 [Worker-5] INFO  o.e.m.c.i.e.AbstractTransferListenerAdapter - Downloading https://repo.maven.apache.org/maven2/com/thoughtworks/xstream/xstream/1.3.1/xstream-1.3.1.pom
2015-10-09 11:28:19,937 [Worker-5] INFO  o.e.m.c.i.e.AbstractTransferListenerAdapter - Downloaded https://repo.maven.apache.org/maven2/com/thoughtworks/xstream/xstream/1.3.1/xstream-1.3.1.pom
2015-10-09 11:28:20,442 [Worker-5] INFO  o.e.m.c.i.e.AbstractTransferListenerAdapter - Downloading https://repo.maven.apache.org/maven2/com/thoughtworks/xstream/xstream-parent/1.3.1/xstream-parent-1.3.1.pom
2015-10-09 11:28:28,636 [Worker-5] INFO  o.e.m.c.i.e.AbstractTransferListenerAdapter - Downloaded https://repo.maven.apache.org/maven2/com/thoughtworks/xstream/xstream-parent/1.3.1/xstream-parent-1.3.1.pom
2015-10-09 11:28:30,648 [Worker-5] INFO  o.e.m.c.i.e.AbstractTransferListenerAdapter - Downloading https://repo.maven.apache.org/maven2/xpp3/xpp3_min/1.1.4c/xpp3_min-1.1.4c.pom
2015-10-09 11:28:31,085 [Worker-5] INFO  o.e.m.c.i.e.AbstractTransferListenerAdapter - Downloaded https://repo.maven.apache.org/maven2/xpp3/xpp3_min/1.1.4c/xpp3_min-1.1.4c.pom
2015-10-09 11:28:34,766 [Worker-5] INFO  o.e.m.c.i.e.AbstractTransferListenerAdapter - Downloading https://repo.maven.apache.org/maven2/org/apache/maven/shared/maven-filtering/1.0-beta-2/maven-filtering-1.0-beta-2.pom
2015-10-09 11:28:35,298 [Worker-5] INFO  o.e.m.c.i.e.AbstractTransferListenerAdapter - Downloaded https://repo.maven.apache.org/maven2/org/apache/maven/shared/maven-filtering/1.0-beta-2/maven-filtering-1.0-beta-2.pom
2015-10-09 11:28:41,891 [Worker-5] INFO  o.e.m.c.i.e.AbstractTransferListenerAdapter - Downloading https://repo.maven.apache.org/maven2/org/apache/maven/shared/maven-shared-components/10/maven-shared-components-10.pom
2015-10-09 11:28:42,353 [Worker-5] INFO  o.e.m.c.i.e.AbstractTransferListenerAdapter - Downloaded https://repo.maven.apache.org/maven2/org/apache/maven/shared/maven-shared-components/10/maven-shared-components-10.pom
2015-10-09 11:28:49,243 [Worker-5] INFO  o.e.m.c.i.e.AbstractTransferListenerAdapter - Downloading https://repo.maven.apache.org/maven2/org/codehaus/plexus/plexus-utils/1.5.6/plexus-utils-1.5.6.pom
2015-10-09 11:28:49,730 [Worker-5] INFO  o.e.m.c.i.e.AbstractTransferListenerAdapter - Downloaded https://repo.maven.apache.org/maven2/org/codehaus/plexus/plexus-utils/1.5.6/plexus-utils-1.5.6.pom
2015-10-09 11:28:50,261 [Worker-5] INFO  o.e.m.c.i.e.AbstractTransferListenerAdapter - Downloading https://repo.maven.apache.org/maven2/org/codehaus/plexus/plexus/1.0.12/plexus-1.0.12.pom
2015-10-09 11:28:55,196 [Worker-5] INFO  o.e.m.c.i.e.AbstractTransferListenerAdapter - Downloaded https://repo.maven.apache.org/maven2/org/codehaus/plexus/plexus/1.0.12/plexus-1.0.12.pom
2015-10-09 11:28:58,802 [Worker-5] INFO  o.e.m.c.i.e.AbstractTransferListenerAdapter - Downloading https://repo.maven.apache.org/maven2/org/codehaus/plexus/plexus-interpolation/1.6/plexus-interpolation-1.6.pom
2015-10-09 11:28:59,349 [Worker-5] INFO  o.e.m.c.i.e.AbstractTransferListenerAdapter - Downloaded https://repo.maven.apache.org/maven2/org/codehaus/plexus/plexus-interpolation/1.6/plexus-interpolation-1.6.pom
2015-10-09 11:28:59,861 [Worker-5] INFO  o.e.m.c.i.e.AbstractTransferListenerAdapter - Downloading https://repo.maven.apache.org/maven2/com/thoughtworks/xstream/xstream/1.3.1/xstream-1.3.1.jar
2015-10-09 11:34:09,664 [Worker-5] INFO  o.e.m.c.i.e.AbstractTransferListenerAdapter - Downloading https://repo.maven.apache.org/maven2/com/thoughtworks/xstream/xstream/1.3.1/xstream-1.3.1.jar
2015-10-09 11:34:35,153 [Worker-5] INFO  o.e.m.c.i.e.AbstractTransferListenerAdapter - Downloaded https://repo.maven.apache.org/maven2/com/thoughtworks/xstream/xstream/1.3.1/xstream-1.3.1.jar
2015-10-09 11:34:35,603 [Worker-5] INFO  o.e.m.c.i.e.AbstractTransferListenerAdapter - Downloading https://repo.maven.apache.org/maven2/xpp3/xpp3_min/1.1.4c/xpp3_min-1.1.4c.jar
2015-10-09 11:34:38,092 [Worker-5] INFO  o.e.m.c.i.e.AbstractTransferListenerAdapter - Downloaded https://repo.maven.apache.org/maven2/xpp3/xpp3_min/1.1.4c/xpp3_min-1.1.4c.jar
2015-10-09 11:34:38,613 [Worker-5] INFO  o.e.m.c.i.e.AbstractTransferListenerAdapter - Downloading https://repo.maven.apache.org/maven2/org/apache/maven/shared/maven-filtering/1.0-beta-2/maven-filtering-1.0-beta-2.jar
2015-10-09 11:34:40,867 [Worker-5] INFO  o.e.m.c.i.e.AbstractTransferListenerAdapter - Downloaded https://repo.maven.apache.org/maven2/org/apache/maven/shared/maven-filtering/1.0-beta-2/maven-filtering-1.0-beta-2.jar
2015-10-09 11:34:41,664 [Worker-5] INFO  o.e.m.j.i.AbstractJavaProjectConfigurator - Adding source folder /guohong_oa/src/main/java
2015-10-09 11:34:41,666 [Worker-5] INFO  o.e.m.j.i.AbstractJavaProjectConfigurator - Adding resource folder /guohong_oa/src/main/resources
2015-10-09 11:34:41,668 [Worker-5] INFO  o.e.m.j.i.AbstractJavaProjectConfigurator - Adding source folder /guohong_oa/src/test/java
2015-10-09 11:34:46,996 [Worker-5] INFO  o.e.m.c.i.p.ProjectConfigurationManager - Imported and configured 1 project(s) in 475 sec
2015-10-09 11:34:48,323 [Worker-17] WARN  o.e.m.c.i.embedder.EclipseLogger - Using platform encoding (UTF-8 actually) to copy filtered resources, i.e. build is platform dependent!
2015-10-09 11:34:48,332 [Worker-17] INFO  o.e.m.c.i.embedder.EclipseLogger - Copying 0 resource
2015-10-09 11:34:48,336 [Worker-17] WARN  o.e.m.c.i.embedder.EclipseLogger - Using platform encoding (UTF-8 actually) to copy filtered resources, i.e. build is platform dependent!
2015-10-09 11:34:48,337 [Worker-17] INFO  o.e.m.c.i.embedder.EclipseLogger - skip non existing resourceDirectory /Users/Hanlu/Desktop/oa_system/guohong_oa/src/test/resources
2015-10-09 13:07:44,073 [Worker-54] WARN  o.e.m.c.i.embedder.EclipseLogger - Using platform encoding (UTF-8 actually) to copy filtered resources, i.e. build is platform dependent!
2015-10-09 13:07:44,080 [Worker-54] INFO  o.e.m.c.i.embedder.EclipseLogger - Copying 0 resource
2015-10-09 13:07:44,082 [Worker-54] WARN  o.e.m.c.i.embedder.EclipseLogger - Using platform encoding (UTF-8 actually) to copy filtered resources, i.e. build is platform dependent!
2015-10-09 13:07:44,086 [Worker-54] INFO  o.e.m.c.i.embedder.EclipseLogger - Copying 0 resource
2015-10-09 13:23:15,581 [Worker-61] WARN  o.e.m.c.i.embedder.EclipseLogger - Using platform encoding (UTF-8 actually) to copy filtered resources, i.e. build is platform dependent!
2015-10-09 13:23:15,583 [Worker-61] INFO  o.e.m.c.i.embedder.EclipseLogger - Copying 0 resource
2015-10-09 13:23:15,584 [Worker-61] WARN  o.e.m.c.i.embedder.EclipseLogger - Using platform encoding (UTF-8 actually) to copy filtered resources, i.e. build is platform dependent!
2015-10-09 13:23:15,585 [Worker-61] INFO  o.e.m.c.i.embedder.EclipseLogger - Copying 0 resource
2015-10-09 13:27:11,882 [Worker-62] WARN  o.e.m.c.i.embedder.EclipseLogger - Using platform encoding (UTF-8 actually) to copy filtered resources, i.e. build is platform dependent!
2015-10-09 13:27:11,883 [Worker-62] INFO  o.e.m.c.i.embedder.EclipseLogger - Copying 0 resource
2015-10-09 13:27:11,885 [Worker-62] WARN  o.e.m.c.i.embedder.EclipseLogger - Using platform encoding (UTF-8 actually) to copy filtered resources, i.e. build is platform dependent!
2015-10-09 13:27:11,886 [Worker-62] INFO  o.e.m.c.i.embedder.EclipseLogger - Copying 0 resource
2015-10-09 13:28:19,397 [Worker-62] WARN  o.e.m.c.i.embedder.EclipseLogger - Using platform encoding (UTF-8 actually) to copy filtered resources, i.e. build is platform dependent!
2015-10-09 13:28:19,398 [Worker-62] INFO  o.e.m.c.i.embedder.EclipseLogger - Copying 0 resource
2015-10-09 13:28:19,400 [Worker-62] WARN  o.e.m.c.i.embedder.EclipseLogger - Using platform encoding (UTF-8 actually) to copy filtered resources, i.e. build is platform dependent!
2015-10-09 13:28:19,405 [Worker-62] INFO  o.e.m.c.i.embedder.EclipseLogger - Copying 0 resource
2015-10-09 13:28:20,432 [Worker-67] WARN  o.e.m.c.i.embedder.EclipseLogger - Using platform encoding (UTF-8 actually) to copy filtered resources, i.e. build is platform dependent!
2015-10-09 13:28:20,433 [Worker-67] INFO  o.e.m.c.i.embedder.EclipseLogger - Copying 0 resource
2015-10-09 13:28:20,435 [Worker-67] WARN  o.e.m.c.i.embedder.EclipseLogger - Using platform encoding (UTF-8 actually) to copy filtered resources, i.e. build is platform dependent!
2015-10-09 13:28:20,435 [Worker-67] INFO  o.e.m.c.i.embedder.EclipseLogger - Copying 0 resource
2015-10-09 13:28:46,880 [Worker-62] WARN  o.e.m.c.i.embedder.EclipseLogger - Using platform encoding (UTF-8 actually) to copy filtered resources, i.e. build is platform dependent!
2015-10-09 13:28:46,880 [Worker-62] INFO  o.e.m.c.i.embedder.EclipseLogger - Copying 0 resource
2015-10-09 13:28:46,881 [Worker-62] WARN  o.e.m.c.i.embedder.EclipseLogger - Using platform encoding (UTF-8 actually) to copy filtered resources, i.e. build is platform dependent!
2015-10-09 13:28:46,882 [Worker-62] INFO  o.e.m.c.i.embedder.EclipseLogger - Copying 0 resource
2015-10-09 13:29:02,794 [Worker-65] WARN  o.e.m.c.i.embedder.EclipseLogger - Using platform encoding (UTF-8 actually) to copy filtered resources, i.e. build is platform dependent!
2015-10-09 13:29:02,803 [Worker-65] INFO  o.e.m.c.i.embedder.EclipseLogger - Copying 0 resource
2015-10-09 13:29:02,804 [Worker-65] WARN  o.e.m.c.i.embedder.EclipseLogger - Using platform encoding (UTF-8 actually) to copy filtered resources, i.e. build is platform dependent!
2015-10-09 13:29:02,805 [Worker-65] INFO  o.e.m.c.i.embedder.EclipseLogger - Copying 0 resource
2015-10-09 13:29:45,945 [Worker-68] WARN  o.e.m.c.i.embedder.EclipseLogger - Using platform encoding (UTF-8 actually) to copy filtered resources, i.e. build is platform dependent!
2015-10-09 13:29:45,953 [Worker-68] INFO  o.e.m.c.i.embedder.EclipseLogger - Copying 0 resource
2015-10-09 13:29:45,956 [Worker-68] WARN  o.e.m.c.i.embedder.EclipseLogger - Using platform encoding (UTF-8 actually) to copy filtered resources, i.e. build is platform dependent!
2015-10-09 13:29:45,957 [Worker-68] INFO  o.e.m.c.i.embedder.EclipseLogger - Copying 0 resource
2015-10-09 13:30:17,064 [Worker-62] WARN  o.e.m.c.i.embedder.EclipseLogger - Using platform encoding (UTF-8 actually) to copy filtered resources, i.e. build is platform dependent!
2015-10-09 13:30:17,073 [Worker-62] INFO  o.e.m.c.i.embedder.EclipseLogger - Copying 0 resource
2015-10-09 13:30:17,075 [Worker-62] WARN  o.e.m.c.i.embedder.EclipseLogger - Using platform encoding (UTF-8 actually) to copy filtered resources, i.e. build is platform dependent!
2015-10-09 13:30:17,076 [Worker-62] INFO  o.e.m.c.i.embedder.EclipseLogger - Copying 0 resource
2015-10-09 13:30:39,601 [Worker-66] WARN  o.e.m.c.i.embedder.EclipseLogger - Using platform encoding (UTF-8 actually) to copy filtered resources, i.e. build is platform dependent!
2015-10-09 13:30:39,610 [Worker-66] INFO  o.e.m.c.i.embedder.EclipseLogger - Copying 0 resource
2015-10-09 13:30:39,612 [Worker-66] WARN  o.e.m.c.i.embedder.EclipseLogger - Using platform encoding (UTF-8 actually) to copy filtered resources, i.e. build is platform dependent!
2015-10-09 13:30:39,612 [Worker-66] INFO  o.e.m.c.i.embedder.EclipseLogger - Copying 0 resource
2015-10-09 13:31:29,847 [Worker-65] WARN  o.e.m.c.i.embedder.EclipseLogger - Using platform encoding (UTF-8 actually) to copy filtered resources, i.e. build is platform dependent!
2015-10-09 13:31:29,856 [Worker-65] INFO  o.e.m.c.i.embedder.EclipseLogger - Copying 0 resource
2015-10-09 13:31:29,858 [Worker-65] WARN  o.e.m.c.i.embedder.EclipseLogger - Using platform encoding (UTF-8 actually) to copy filtered resources, i.e. build is platform dependent!
2015-10-09 13:31:29,859 [Worker-65] INFO  o.e.m.c.i.embedder.EclipseLogger - Copying 0 resource
2015-10-09 13:32:01,699 [Worker-67] WARN  o.e.m.c.i.embedder.EclipseLogger - Using platform encoding (UTF-8 actually) to copy filtered resources, i.e. build is platform dependent!
2015-10-09 13:32:01,700 [Worker-67] INFO  o.e.m.c.i.embedder.EclipseLogger - Copying 0 resource
2015-10-09 13:32:01,701 [Worker-67] WARN  o.e.m.c.i.embedder.EclipseLogger - Using platform encoding (UTF-8 actually) to copy filtered resources, i.e. build is platform dependent!
2015-10-09 13:32:01,702 [Worker-67] INFO  o.e.m.c.i.embedder.EclipseLogger - Copying 0 resource
2015-10-09 13:33:30,706 [Worker-68] WARN  o.e.m.c.i.embedder.EclipseLogger - Using platform encoding (UTF-8 actually) to copy filtered resources, i.e. build is platform dependent!
2015-10-09 13:33:30,715 [Worker-68] INFO  o.e.m.c.i.embedder.EclipseLogger - Copying 0 resource
2015-10-09 13:33:30,717 [Worker-68] WARN  o.e.m.c.i.embedder.EclipseLogger - Using platform encoding (UTF-8 actually) to copy filtered resources, i.e. build is platform dependent!
2015-10-09 13:33:30,718 [Worker-68] INFO  o.e.m.c.i.embedder.EclipseLogger - Copying 0 resource
2015-10-09 13:33:56,455 [Worker-62] WARN  o.e.m.c.i.embedder.EclipseLogger - Using platform encoding (UTF-8 actually) to copy filtered resources, i.e. build is platform dependent!
2015-10-09 13:33:56,464 [Worker-62] INFO  o.e.m.c.i.embedder.EclipseLogger - Copying 0 resource
2015-10-09 13:33:56,466 [Worker-62] WARN  o.e.m.c.i.embedder.EclipseLogger - Using platform encoding (UTF-8 actually) to copy filtered resources, i.e. build is platform dependent!
2015-10-09 13:33:56,466 [Worker-62] INFO  o.e.m.c.i.embedder.EclipseLogger - Copying 0 resource
2015-10-09 13:34:48,499 [Worker-69] WARN  o.e.m.c.i.embedder.EclipseLogger - Using platform encoding (UTF-8 actually) to copy filtered resources, i.e. build is platform dependent!
2015-10-09 13:34:48,508 [Worker-69] INFO  o.e.m.c.i.embedder.EclipseLogger - Copying 0 resource
2015-10-09 13:34:48,512 [Worker-69] WARN  o.e.m.c.i.embedder.EclipseLogger - Using platform encoding (UTF-8 actually) to copy filtered resources, i.e. build is platform dependent!
2015-10-09 13:34:48,513 [Worker-69] INFO  o.e.m.c.i.embedder.EclipseLogger - Copying 0 resource
2015-10-09 13:36:50,342 [Worker-68] WARN  o.e.m.c.i.embedder.EclipseLogger - Using platform encoding (UTF-8 actually) to copy filtered resources, i.e. build is platform dependent!
2015-10-09 13:36:50,343 [Worker-68] INFO  o.e.m.c.i.embedder.EclipseLogger - Copying 0 resource
2015-10-09 13:36:50,346 [Worker-68] WARN  o.e.m.c.i.embedder.EclipseLogger - Using platform encoding (UTF-8 actually) to copy filtered resources, i.e. build is platform dependent!
2015-10-09 13:36:50,347 [Worker-68] INFO  o.e.m.c.i.embedder.EclipseLogger - Copying 0 resource
2015-10-09 13:37:36,999 [Worker-69] INFO  o.e.m.c.i.l.LifecycleMappingFactory - Using org.maven.ide.eclipse.wtp.WarLifecycleMapping lifecycle mapping for MavenProject: com.learn.cm:webmvct:0.0.1-SNAPSHOT @ /Users/Hanlu/Desktop/oa_system/guohong_oa/pom.xml.
2015-10-09 13:37:39,408 [Worker-69] INFO  o.e.m.c.i.e.AbstractTransferListenerAdapter - Downloading https://repo.maven.apache.org/maven2/org/springframework/spring/2.5.6/spring-2.5.6.pom
2015-10-09 13:37:40,945 [Worker-69] INFO  o.e.m.c.i.e.AbstractTransferListenerAdapter - Downloaded https://repo.maven.apache.org/maven2/org/springframework/spring/2.5.6/spring-2.5.6.pom
2015-10-09 13:37:43,808 [Worker-69] INFO  o.e.m.c.i.e.AbstractTransferListenerAdapter - Downloading https://repo.maven.apache.org/maven2/org/springframework/spring-webmvc/2.5.6/spring-webmvc-2.5.6.pom
2015-10-09 13:37:44,222 [Worker-69] INFO  o.e.m.c.i.e.AbstractTransferListenerAdapter - Downloaded https://repo.maven.apache.org/maven2/org/springframework/spring-webmvc/2.5.6/spring-webmvc-2.5.6.pom
2015-10-09 13:37:44,788 [Worker-69] INFO  o.e.m.c.i.e.AbstractTransferListenerAdapter - Downloading https://repo.maven.apache.org/maven2/org/springframework/spring-beans/2.5.6/spring-beans-2.5.6.pom
2015-10-09 13:37:45,379 [Worker-69] INFO  o.e.m.c.i.e.AbstractTransferListenerAdapter - Downloaded https://repo.maven.apache.org/maven2/org/springframework/spring-beans/2.5.6/spring-beans-2.5.6.pom
2015-10-09 13:37:45,867 [Worker-69] INFO  o.e.m.c.i.e.AbstractTransferListenerAdapter - Downloading https://repo.maven.apache.org/maven2/org/springframework/spring-core/2.5.6/spring-core-2.5.6.pom
2015-10-09 13:37:46,278 [Worker-69] INFO  o.e.m.c.i.e.AbstractTransferListenerAdapter - Downloaded https://repo.maven.apache.org/maven2/org/springframework/spring-core/2.5.6/spring-core-2.5.6.pom
2015-10-09 13:37:46,596 [Worker-69] INFO  o.e.m.c.i.e.AbstractTransferListenerAdapter - Downloading https://repo.maven.apache.org/maven2/org/springframework/spring-context/2.5.6/spring-context-2.5.6.pom
2015-10-09 13:37:47,003 [Worker-69] INFO  o.e.m.c.i.e.AbstractTransferListenerAdapter - Downloaded https://repo.maven.apache.org/maven2/org/springframework/spring-context/2.5.6/spring-context-2.5.6.pom
2015-10-09 13:37:47,404 [Worker-69] INFO  o.e.m.c.i.e.AbstractTransferListenerAdapter - Downloading https://repo.maven.apache.org/maven2/aopalliance/aopalliance/1.0/aopalliance-1.0.pom
2015-10-09 13:37:47,810 [Worker-69] INFO  o.e.m.c.i.e.AbstractTransferListenerAdapter - Downloaded https://repo.maven.apache.org/maven2/aopalliance/aopalliance/1.0/aopalliance-1.0.pom
2015-10-09 13:37:48,229 [Worker-69] INFO  o.e.m.c.i.e.AbstractTransferListenerAdapter - Downloading https://repo.maven.apache.org/maven2/org/springframework/spring-context-support/2.5.6/spring-context-support-2.5.6.pom
2015-10-09 13:37:48,627 [Worker-69] INFO  o.e.m.c.i.e.AbstractTransferListenerAdapter - Downloaded https://repo.maven.apache.org/maven2/org/springframework/spring-context-support/2.5.6/spring-context-support-2.5.6.pom
2015-10-09 13:37:49,039 [Worker-69] INFO  o.e.m.c.i.e.AbstractTransferListenerAdapter - Downloading https://repo.maven.apache.org/maven2/org/springframework/spring-web/2.5.6/spring-web-2.5.6.pom
2015-10-09 13:37:49,415 [Worker-69] INFO  o.e.m.c.i.e.AbstractTransferListenerAdapter - Downloaded https://repo.maven.apache.org/maven2/org/springframework/spring-web/2.5.6/spring-web-2.5.6.pom
2015-10-09 13:37:50,472 [Worker-69] INFO  o.e.m.c.i.e.AbstractTransferListenerAdapter - Downloading https://repo.maven.apache.org/maven2/org/mortbay/jetty/servlet-api-2.5/6.0.1/servlet-api-2.5-6.0.1.pom
2015-10-09 13:37:50,886 [Worker-69] INFO  o.e.m.c.i.e.AbstractTransferListenerAdapter - Downloaded https://repo.maven.apache.org/maven2/org/mortbay/jetty/servlet-api-2.5/6.0.1/servlet-api-2.5-6.0.1.pom
2015-10-09 13:37:52,721 [Worker-69] INFO  o.e.m.c.i.e.AbstractTransferListenerAdapter - Downloading https://repo.maven.apache.org/maven2/org/mortbay/jetty/project/6.0.1/project-6.0.1.pom
2015-10-09 13:37:53,128 [Worker-69] INFO  o.e.m.c.i.e.AbstractTransferListenerAdapter - Downloaded https://repo.maven.apache.org/maven2/org/mortbay/jetty/project/6.0.1/project-6.0.1.pom
2015-10-09 13:37:53,532 [Worker-69] INFO  o.e.m.c.i.e.AbstractTransferListenerAdapter - Downloading https://repo.maven.apache.org/maven2/javax/servlet/jstl/1.1.2/jstl-1.1.2.pom
2015-10-09 13:37:54,512 [Worker-69] INFO  o.e.m.c.i.e.AbstractTransferListenerAdapter - Downloaded https://repo.maven.apache.org/maven2/javax/servlet/jstl/1.1.2/jstl-1.1.2.pom
2015-10-09 13:37:54,917 [Worker-69] INFO  o.e.m.c.i.e.AbstractTransferListenerAdapter - Downloading https://repo.maven.apache.org/maven2/log4j/log4j/1.2.14/log4j-1.2.14.pom
2015-10-09 13:37:55,333 [Worker-69] INFO  o.e.m.c.i.e.AbstractTransferListenerAdapter - Downloaded https://repo.maven.apache.org/maven2/log4j/log4j/1.2.14/log4j-1.2.14.pom
2015-10-09 13:37:55,738 [Worker-69] INFO  o.e.m.c.i.e.AbstractTransferListenerAdapter - Downloading https://repo.maven.apache.org/maven2/org/springframework/spring/2.5.6/spring-2.5.6.jar
2015-10-09 13:40:43,535 [Worker-69] INFO  o.e.m.c.i.e.AbstractTransferListenerAdapter - Downloaded https://repo.maven.apache.org/maven2/org/springframework/spring/2.5.6/spring-2.5.6.jar
2015-10-09 13:40:44,030 [Worker-69] INFO  o.e.m.c.i.e.AbstractTransferListenerAdapter - Downloading https://repo.maven.apache.org/maven2/org/springframework/spring-webmvc/2.5.6/spring-webmvc-2.5.6.jar
2015-10-09 13:41:05,032 [Worker-69] INFO  o.e.m.c.i.e.AbstractTransferListenerAdapter - Downloaded https://repo.maven.apache.org/maven2/org/springframework/spring-webmvc/2.5.6/spring-webmvc-2.5.6.jar
2015-10-09 13:41:06,625 [Worker-69] INFO  o.e.m.c.i.e.AbstractTransferListenerAdapter - Downloading https://repo.maven.apache.org/maven2/org/springframework/spring-beans/2.5.6/spring-beans-2.5.6.jar
2015-10-09 13:41:35,331 [Worker-69] INFO  o.e.m.c.i.e.AbstractTransferListenerAdapter - Downloaded https://repo.maven.apache.org/maven2/org/springframework/spring-beans/2.5.6/spring-beans-2.5.6.jar
2015-10-09 13:41:36,285 [Worker-69] INFO  o.e.m.c.i.e.AbstractTransferListenerAdapter - Downloading https://repo.maven.apache.org/maven2/org/springframework/spring-context/2.5.6/spring-context-2.5.6.jar
2015-10-09 13:42:00,326 [Worker-69] INFO  o.e.m.c.i.e.AbstractTransferListenerAdapter - Downloaded https://repo.maven.apache.org/maven2/org/springframework/spring-context/2.5.6/spring-context-2.5.6.jar
2015-10-09 13:42:00,625 [Worker-69] INFO  o.e.m.c.i.e.AbstractTransferListenerAdapter - Downloading https://repo.maven.apache.org/maven2/aopalliance/aopalliance/1.0/aopalliance-1.0.jar
2015-10-09 13:42:00,838 [Worker-69] INFO  o.e.m.c.i.e.AbstractTransferListenerAdapter - Downloaded https://repo.maven.apache.org/maven2/aopalliance/aopalliance/1.0/aopalliance-1.0.jar
2015-10-09 13:42:01,451 [Worker-69] INFO  o.e.m.c.i.e.AbstractTransferListenerAdapter - Downloading https://repo.maven.apache.org/maven2/org/springframework/spring-context-support/2.5.6/spring-context-support-2.5.6.jar
2015-10-09 13:42:03,803 [Worker-69] INFO  o.e.m.c.i.e.AbstractTransferListenerAdapter - Downloaded https://repo.maven.apache.org/maven2/org/springframework/spring-context-support/2.5.6/spring-context-support-2.5.6.jar
2015-10-09 13:42:04,207 [Worker-69] INFO  o.e.m.c.i.e.AbstractTransferListenerAdapter - Downloading https://repo.maven.apache.org/maven2/org/springframework/spring-core/2.5.6/spring-core-2.5.6.jar
2015-10-09 13:42:13,536 [Worker-69] INFO  o.e.m.c.i.e.AbstractTransferListenerAdapter - Downloaded https://repo.maven.apache.org/maven2/org/springframework/spring-core/2.5.6/spring-core-2.5.6.jar
2015-10-09 13:42:13,733 [Worker-69] INFO  o.e.m.c.i.e.AbstractTransferListenerAdapter - Downloading https://repo.maven.apache.org/maven2/org/springframework/spring-web/2.5.6/spring-web-2.5.6.jar
2015-10-09 13:42:19,094 [Worker-69] INFO  o.e.m.c.i.e.AbstractTransferListenerAdapter - Downloaded https://repo.maven.apache.org/maven2/org/springframework/spring-web/2.5.6/spring-web-2.5.6.jar
2015-10-09 13:42:19,471 [Worker-69] INFO  o.e.m.c.i.e.AbstractTransferListenerAdapter - Downloading https://repo.maven.apache.org/maven2/org/mortbay/jetty/servlet-api-2.5/6.0.1/servlet-api-2.5-6.0.1.jar
2015-10-09 13:42:31,553 [Worker-69] INFO  o.e.m.c.i.e.AbstractTransferListenerAdapter - Downloaded https://repo.maven.apache.org/maven2/org/mortbay/jetty/servlet-api-2.5/6.0.1/servlet-api-2.5-6.0.1.jar
2015-10-09 13:42:32,402 [Worker-69] INFO  o.e.m.c.i.e.AbstractTransferListenerAdapter - Downloading https://repo.maven.apache.org/maven2/javax/servlet/jstl/1.1.2/jstl-1.1.2.jar
2015-10-09 13:42:33,199 [Worker-69] INFO  o.e.m.c.i.e.AbstractTransferListenerAdapter - Downloaded https://repo.maven.apache.org/maven2/javax/servlet/jstl/1.1.2/jstl-1.1.2.jar
2015-10-09 13:42:34,437 [Worker-69] INFO  o.e.m.c.i.e.AbstractTransferListenerAdapter - Downloading https://repo.maven.apache.org/maven2/log4j/log4j/1.2.14/log4j-1.2.14.jar
2015-10-09 13:42:51,330 [Worker-69] INFO  o.e.m.c.i.e.AbstractTransferListenerAdapter - Downloaded https://repo.maven.apache.org/maven2/log4j/log4j/1.2.14/log4j-1.2.14.jar
2015-10-09 13:42:52,289 [Worker-69] WARN  o.e.m.c.i.embedder.EclipseLogger - Using platform encoding (UTF-8 actually) to copy filtered resources, i.e. build is platform dependent!
2015-10-09 13:42:52,291 [Worker-69] INFO  o.e.m.c.i.embedder.EclipseLogger - Copying 0 resource
2015-10-09 13:42:52,293 [Worker-69] WARN  o.e.m.c.i.embedder.EclipseLogger - Using platform encoding (UTF-8 actually) to copy filtered resources, i.e. build is platform dependent!
2015-10-09 13:42:52,294 [Worker-69] INFO  o.e.m.c.i.embedder.EclipseLogger - Copying 0 resource
2015-10-09 13:42:52,294 [Worker-69] INFO  o.e.m.w.i.f.ResourceFilteringBuildParticipant - Changed resources require a complete clean of filtered resources of guohong_oa
2015-10-09 13:42:52,296 [Worker-69] INFO  o.e.m.w.i.f.ResourceFilteringBuildParticipant - Executing resource filtering for guohong_oa
2015-10-09 13:42:52,302 [Worker-69] WARN  o.e.m.c.i.embedder.EclipseLogger - Using platform encoding (UTF-8 actually) to copy filtered resources, i.e. build is platform dependent!
2015-10-09 13:42:52,525 [Worker-65] WARN  o.e.m.c.i.embedder.EclipseLogger - Using platform encoding (UTF-8 actually) to copy filtered resources, i.e. build is platform dependent!
2015-10-09 13:42:52,526 [Worker-65] INFO  o.e.m.c.i.embedder.EclipseLogger - Copying 0 resource
2015-10-09 13:42:52,528 [Worker-65] WARN  o.e.m.c.i.embedder.EclipseLogger - Using platform encoding (UTF-8 actually) to copy filtered resources, i.e. build is platform dependent!
2015-10-09 13:42:52,528 [Worker-65] INFO  o.e.m.c.i.embedder.EclipseLogger - Copying 0 resource
2015-10-09 13:52:56,533 [Worker-74] WARN  o.e.m.c.i.embedder.EclipseLogger - Using platform encoding (UTF-8 actually) to copy filtered resources, i.e. build is platform dependent!
2015-10-09 13:52:56,535 [Worker-74] INFO  o.e.m.c.i.embedder.EclipseLogger - Copying 0 resource
2015-10-09 13:52:56,537 [Worker-74] WARN  o.e.m.c.i.embedder.EclipseLogger - Using platform encoding (UTF-8 actually) to copy filtered resources, i.e. build is platform dependent!
2015-10-09 13:52:56,538 [Worker-74] INFO  o.e.m.c.i.embedder.EclipseLogger - Copying 0 resource
2015-10-09 14:03:03,117 [Worker-10] INFO  o.e.m.c.i.e.AbstractTransferListenerAdapter - Downloading https://repo.maven.apache.org/maven2/org/apache/maven/plugins/maven-compiler-plugin/3.3/maven-compiler-plugin-3.3.jar
2015-10-09 14:03:04,062 [Worker-10] INFO  o.e.m.c.i.e.AbstractTransferListenerAdapter - Downloaded https://repo.maven.apache.org/maven2/org/apache/maven/plugins/maven-compiler-plugin/3.3/maven-compiler-plugin-3.3.jar
2015-10-09 14:03:04,488 [Worker-10] INFO  o.e.m.c.i.e.AbstractTransferListenerAdapter - Downloading https://repo.maven.apache.org/maven2/org/apache/maven/plugins/maven-compiler-plugin/3.3/maven-compiler-plugin-3.3.pom
2015-10-09 14:03:04,877 [Worker-10] INFO  o.e.m.c.i.e.AbstractTransferListenerAdapter - Downloaded https://repo.maven.apache.org/maven2/org/apache/maven/plugins/maven-compiler-plugin/3.3/maven-compiler-plugin-3.3.pom
2015-10-09 14:03:05,296 [Worker-10] INFO  o.e.m.c.i.e.AbstractTransferListenerAdapter - Downloading https://repo.maven.apache.org/maven2/org/apache/maven/plugins/maven-plugins/27/maven-plugins-27.pom
2015-10-09 14:03:05,894 [Worker-10] INFO  o.e.m.c.i.e.AbstractTransferListenerAdapter - Downloaded https://repo.maven.apache.org/maven2/org/apache/maven/plugins/maven-plugins/27/maven-plugins-27.pom
2015-10-09 14:03:06,495 [Worker-10] INFO  o.e.m.c.i.e.AbstractTransferListenerAdapter - Downloading https://repo.maven.apache.org/maven2/org/apache/maven/maven-toolchain/2.2.1/maven-toolchain-2.2.1.pom
2015-10-09 14:03:06,908 [Worker-10] INFO  o.e.m.c.i.e.AbstractTransferListenerAdapter - Downloaded https://repo.maven.apache.org/maven2/org/apache/maven/maven-toolchain/2.2.1/maven-toolchain-2.2.1.pom
2015-10-09 14:03:07,315 [Worker-10] INFO  o.e.m.c.i.e.AbstractTransferListenerAdapter - Downloading https://repo.maven.apache.org/maven2/org/codehaus/plexus/plexus-container-default/1.0-alpha-30/plexus-container-default-1.0-alpha-30.pom
2015-10-09 14:03:07,745 [Worker-10] INFO  o.e.m.c.i.e.AbstractTransferListenerAdapter - Downloaded https://repo.maven.apache.org/maven2/org/codehaus/plexus/plexus-container-default/1.0-alpha-30/plexus-container-default-1.0-alpha-30.pom
2015-10-09 14:03:08,119 [Worker-10] INFO  o.e.m.c.i.e.AbstractTransferListenerAdapter - Downloading https://repo.maven.apache.org/maven2/org/codehaus/plexus/plexus-containers/1.0-alpha-30/plexus-containers-1.0-alpha-30.pom
2015-10-09 14:03:08,535 [Worker-10] INFO  o.e.m.c.i.e.AbstractTransferListenerAdapter - Downloaded https://repo.maven.apache.org/maven2/org/codehaus/plexus/plexus-containers/1.0-alpha-30/plexus-containers-1.0-alpha-30.pom
2015-10-09 14:03:08,940 [Worker-10] INFO  o.e.m.c.i.e.AbstractTransferListenerAdapter - Downloading https://repo.maven.apache.org/maven2/org/codehaus/plexus/plexus-classworlds/1.2-alpha-9/plexus-classworlds-1.2-alpha-9.pom
2015-10-09 14:03:09,344 [Worker-10] INFO  o.e.m.c.i.e.AbstractTransferListenerAdapter - Downloaded https://repo.maven.apache.org/maven2/org/codehaus/plexus/plexus-classworlds/1.2-alpha-9/plexus-classworlds-1.2-alpha-9.pom
2015-10-09 14:03:09,752 [Worker-10] INFO  o.e.m.c.i.e.AbstractTransferListenerAdapter - Downloading https://repo.maven.apache.org/maven2/org/apache/maven/shared/maven-shared-utils/0.7/maven-shared-utils-0.7.pom
2015-10-09 14:03:10,165 [Worker-10] INFO  o.e.m.c.i.e.AbstractTransferListenerAdapter - Downloaded https://repo.maven.apache.org/maven2/org/apache/maven/shared/maven-shared-utils/0.7/maven-shared-utils-0.7.pom
2015-10-09 14:03:10,581 [Worker-10] INFO  o.e.m.c.i.e.AbstractTransferListenerAdapter - Downloading https://repo.maven.apache.org/maven2/org/apache/maven/shared/maven-shared-components/20/maven-shared-components-20.pom
2015-10-09 14:03:10,976 [Worker-10] INFO  o.e.m.c.i.e.AbstractTransferListenerAdapter - Downloaded https://repo.maven.apache.org/maven2/org/apache/maven/shared/maven-shared-components/20/maven-shared-components-20.pom
2015-10-09 14:03:11,817 [Worker-10] INFO  o.e.m.c.i.e.AbstractTransferListenerAdapter - Downloading https://repo.maven.apache.org/maven2/org/apache/maven/maven-parent/24/maven-parent-24.pom
2015-10-09 14:03:12,406 [Worker-10] INFO  o.e.m.c.i.e.AbstractTransferListenerAdapter - Downloaded https://repo.maven.apache.org/maven2/org/apache/maven/maven-parent/24/maven-parent-24.pom
2015-10-09 14:03:12,799 [Worker-10] INFO  o.e.m.c.i.e.AbstractTransferListenerAdapter - Downloading https://repo.maven.apache.org/maven2/org/apache/apache/14/apache-14.pom
2015-10-09 14:03:13,443 [Worker-10] INFO  o.e.m.c.i.e.AbstractTransferListenerAdapter - Downloaded https://repo.maven.apache.org/maven2/org/apache/apache/14/apache-14.pom
2015-10-09 14:03:13,819 [Worker-10] INFO  o.e.m.c.i.e.AbstractTransferListenerAdapter - Downloading https://repo.maven.apache.org/maven2/org/codehaus/plexus/plexus-compiler-api/2.5/plexus-compiler-api-2.5.pom
2015-10-09 14:03:14,224 [Worker-10] INFO  o.e.m.c.i.e.AbstractTransferListenerAdapter - Downloaded https://repo.maven.apache.org/maven2/org/codehaus/plexus/plexus-compiler-api/2.5/plexus-compiler-api-2.5.pom
2015-10-09 14:03:14,622 [Worker-10] INFO  o.e.m.c.i.e.AbstractTransferListenerAdapter - Downloading https://repo.maven.apache.org/maven2/org/codehaus/plexus/plexus-compiler/2.5/plexus-compiler-2.5.pom
2015-10-09 14:03:16,678 [Worker-10] INFO  o.e.m.c.i.e.AbstractTransferListenerAdapter - Downloaded https://repo.maven.apache.org/maven2/org/codehaus/plexus/plexus-compiler/2.5/plexus-compiler-2.5.pom
2015-10-09 14:03:17,080 [Worker-10] INFO  o.e.m.c.i.e.AbstractTransferListenerAdapter - Downloading https://repo.maven.apache.org/maven2/org/codehaus/plexus/plexus-utils/3.0.10/plexus-utils-3.0.10.pom
2015-10-09 14:03:17,487 [Worker-10] INFO  o.e.m.c.i.e.AbstractTransferListenerAdapter - Downloaded https://repo.maven.apache.org/maven2/org/codehaus/plexus/plexus-utils/3.0.10/plexus-utils-3.0.10.pom
2015-10-09 14:03:17,633 [Worker-9] INFO  o.e.m.i.launch.MavenLaunchDelegate - /Users/Hanlu/Downloads/spring3-mvc-maven-annotation-hello-world-master
2015-10-09 14:03:17,634 [Worker-9] INFO  o.e.m.i.launch.MavenLaunchDelegate -  mvn  -B install
2015-10-09 14:03:17,686 [Worker-10] INFO  o.e.m.c.i.e.AbstractTransferListenerAdapter - Downloading https://repo.maven.apache.org/maven2/org/codehaus/plexus/plexus/3.3/plexus-3.3.pom
2015-10-09 14:03:18,503 [Worker-10] INFO  o.e.m.c.i.e.AbstractTransferListenerAdapter - Downloaded https://repo.maven.apache.org/maven2/org/codehaus/plexus/plexus/3.3/plexus-3.3.pom
2015-10-09 14:03:18,708 [Worker-10] INFO  o.e.m.c.i.e.AbstractTransferListenerAdapter - Downloading https://repo.maven.apache.org/maven2/org/codehaus/plexus/plexus-compiler-manager/2.5/plexus-compiler-manager-2.5.pom
2015-10-09 14:03:18,967 [Worker-10] INFO  o.e.m.c.i.e.AbstractTransferListenerAdapter - Downloaded https://repo.maven.apache.org/maven2/org/codehaus/plexus/plexus-compiler-manager/2.5/plexus-compiler-manager-2.5.pom
2015-10-09 14:03:19,312 [Worker-10] INFO  o.e.m.c.i.e.AbstractTransferListenerAdapter - Downloading https://repo.maven.apache.org/maven2/org/codehaus/plexus/plexus-compiler-javac/2.5/plexus-compiler-javac-2.5.pom
2015-10-09 14:03:19,734 [Worker-10] INFO  o.e.m.c.i.e.AbstractTransferListenerAdapter - Downloaded https://repo.maven.apache.org/maven2/org/codehaus/plexus/plexus-compiler-javac/2.5/plexus-compiler-javac-2.5.pom
2015-10-09 14:03:19,928 [Worker-10] INFO  o.e.m.c.i.e.AbstractTransferListenerAdapter - Downloading https://repo.maven.apache.org/maven2/org/codehaus/plexus/plexus-compilers/2.5/plexus-compilers-2.5.pom
2015-10-09 14:03:20,333 [Worker-10] INFO  o.e.m.c.i.e.AbstractTransferListenerAdapter - Downloaded https://repo.maven.apache.org/maven2/org/codehaus/plexus/plexus-compilers/2.5/plexus-compilers-2.5.pom
2015-10-09 14:03:20,963 [Worker-10] INFO  o.e.m.c.i.e.AbstractTransferListenerAdapter - Downloading https://repo.maven.apache.org/maven2/org/codehaus/plexus/plexus-utils/1.5.15/plexus-utils-1.5.15.jar
2015-10-09 14:03:28,947 [Worker-10] INFO  o.e.m.c.i.e.AbstractTransferListenerAdapter - Downloaded https://repo.maven.apache.org/maven2/org/codehaus/plexus/plexus-utils/1.5.15/plexus-utils-1.5.15.jar
2015-10-09 14:03:29,144 [Worker-10] INFO  o.e.m.c.i.e.AbstractTransferListenerAdapter - Downloading https://repo.maven.apache.org/maven2/org/apache/maven/maven-toolchain/2.2.1/maven-toolchain-2.2.1.jar
2015-10-09 14:03:30,787 [Worker-10] INFO  o.e.m.c.i.e.AbstractTransferListenerAdapter - Downloaded https://repo.maven.apache.org/maven2/org/apache/maven/maven-toolchain/2.2.1/maven-toolchain-2.2.1.jar
2015-10-09 14:03:31,193 [Worker-10] INFO  o.e.m.c.i.e.AbstractTransferListenerAdapter - Downloading https://repo.maven.apache.org/maven2/org/apache/maven/shared/maven-shared-utils/0.7/maven-shared-utils-0.7.jar
2015-10-09 14:03:35,694 [Worker-10] INFO  o.e.m.c.i.e.AbstractTransferListenerAdapter - Downloaded https://repo.maven.apache.org/maven2/org/apache/maven/shared/maven-shared-utils/0.7/maven-shared-utils-0.7.jar
2015-10-09 14:03:36,079 [Worker-10] INFO  o.e.m.c.i.e.AbstractTransferListenerAdapter - Downloading https://repo.maven.apache.org/maven2/org/codehaus/plexus/plexus-compiler-api/2.5/plexus-compiler-api-2.5.jar
2015-10-09 14:03:38,522 [Worker-10] INFO  o.e.m.c.i.e.AbstractTransferListenerAdapter - Downloaded https://repo.maven.apache.org/maven2/org/codehaus/plexus/plexus-compiler-api/2.5/plexus-compiler-api-2.5.jar
2015-10-09 14:03:39,333 [Worker-10] INFO  o.e.m.c.i.e.AbstractTransferListenerAdapter - Downloading https://repo.maven.apache.org/maven2/org/codehaus/plexus/plexus-compiler-manager/2.5/plexus-compiler-manager-2.5.jar
2015-10-09 14:03:39,748 [Worker-10] INFO  o.e.m.c.i.e.AbstractTransferListenerAdapter - Downloaded https://repo.maven.apache.org/maven2/org/codehaus/plexus/plexus-compiler-manager/2.5/plexus-compiler-manager-2.5.jar
2015-10-09 14:03:40,576 [Worker-10] INFO  o.e.m.c.i.e.AbstractTransferListenerAdapter - Downloading https://repo.maven.apache.org/maven2/org/codehaus/plexus/plexus-compiler-javac/2.5/plexus-compiler-javac-2.5.jar
2015-10-09 14:03:40,971 [Worker-10] INFO  o.e.m.c.i.e.AbstractTransferListenerAdapter - Downloaded https://repo.maven.apache.org/maven2/org/codehaus/plexus/plexus-compiler-javac/2.5/plexus-compiler-javac-2.5.jar
2015-10-09 14:03:41,340 [Worker-10] INFO  o.e.m.c.i.l.LifecycleMappingFactory - Using org.maven.ide.eclipse.wtp.WarLifecycleMapping lifecycle mapping for MavenProject: com.mkyong:spring3-mvc-maven-annotation-hello-world:1.0-SNAPSHOT @ /Users/Hanlu/Downloads/spring3-mvc-maven-annotation-hello-world-master/pom.xml.
2015-10-09 14:03:41,582 [Worker-10] INFO  o.e.m.c.i.e.AbstractTransferListenerAdapter - Downloading https://repo.maven.apache.org/maven2/org/springframework/spring-webmvc/3.2.13.RELEASE/spring-webmvc-3.2.13.RELEASE.pom
2015-10-09 14:03:41,983 [Worker-10] INFO  o.e.m.c.i.e.AbstractTransferListenerAdapter - Downloaded https://repo.maven.apache.org/maven2/org/springframework/spring-webmvc/3.2.13.RELEASE/spring-webmvc-3.2.13.RELEASE.pom
2015-10-09 14:03:43,423 [Worker-10] INFO  o.e.m.c.i.e.AbstractTransferListenerAdapter - Downloading https://repo.maven.apache.org/maven2/org/springframework/spring-beans/3.2.13.RELEASE/spring-beans-3.2.13.RELEASE.pom
2015-10-09 14:03:43,836 [Worker-10] INFO  o.e.m.c.i.e.AbstractTransferListenerAdapter - Downloaded https://repo.maven.apache.org/maven2/org/springframework/spring-beans/3.2.13.RELEASE/spring-beans-3.2.13.RELEASE.pom
2015-10-09 14:03:44,282 [Worker-10] INFO  o.e.m.c.i.e.AbstractTransferListenerAdapter - Downloading https://repo.maven.apache.org/maven2/org/springframework/spring-core/3.2.13.RELEASE/spring-core-3.2.13.RELEASE.pom
2015-10-09 14:03:44,644 [Worker-10] INFO  o.e.m.c.i.e.AbstractTransferListenerAdapter - Downloaded https://repo.maven.apache.org/maven2/org/springframework/spring-core/3.2.13.RELEASE/spring-core-3.2.13.RELEASE.pom
2015-10-09 14:03:45,044 [Worker-10] INFO  o.e.m.c.i.e.AbstractTransferListenerAdapter - Downloading https://repo.maven.apache.org/maven2/commons-logging/commons-logging/1.1.3/commons-logging-1.1.3.pom
2015-10-09 14:03:45,877 [Worker-10] INFO  o.e.m.c.i.e.AbstractTransferListenerAdapter - Downloaded https://repo.maven.apache.org/maven2/commons-logging/commons-logging/1.1.3/commons-logging-1.1.3.pom
2015-10-09 14:03:47,314 [Worker-10] INFO  o.e.m.c.i.e.AbstractTransferListenerAdapter - Downloading https://repo.maven.apache.org/maven2/org/apache/commons/commons-parent/28/commons-parent-28.pom
2015-10-09 14:03:48,109 [Worker-10] INFO  o.e.m.c.i.e.AbstractTransferListenerAdapter - Downloaded https://repo.maven.apache.org/maven2/org/apache/commons/commons-parent/28/commons-parent-28.pom
2015-10-09 14:03:48,530 [Worker-10] INFO  o.e.m.c.i.e.AbstractTransferListenerAdapter - Downloading https://repo.maven.apache.org/maven2/org/springframework/spring-context/3.2.13.RELEASE/spring-context-3.2.13.RELEASE.pom
2015-10-09 14:03:48,925 [Worker-10] INFO  o.e.m.c.i.e.AbstractTransferListenerAdapter - Downloaded https://repo.maven.apache.org/maven2/org/springframework/spring-context/3.2.13.RELEASE/spring-context-3.2.13.RELEASE.pom
2015-10-09 14:03:49,355 [Worker-10] INFO  o.e.m.c.i.e.AbstractTransferListenerAdapter - Downloading https://repo.maven.apache.org/maven2/org/springframework/spring-aop/3.2.13.RELEASE/spring-aop-3.2.13.RELEASE.pom
2015-10-09 14:03:49,746 [Worker-10] INFO  o.e.m.c.i.e.AbstractTransferListenerAdapter - Downloaded https://repo.maven.apache.org/maven2/org/springframework/spring-aop/3.2.13.RELEASE/spring-aop-3.2.13.RELEASE.pom
2015-10-09 14:03:50,152 [Worker-10] INFO  o.e.m.c.i.e.AbstractTransferListenerAdapter - Downloading https://repo.maven.apache.org/maven2/org/springframework/spring-expression/3.2.13.RELEASE/spring-expression-3.2.13.RELEASE.pom
2015-10-09 14:03:50,555 [Worker-10] INFO  o.e.m.c.i.e.AbstractTransferListenerAdapter - Downloaded https://repo.maven.apache.org/maven2/org/springframework/spring-expression/3.2.13.RELEASE/spring-expression-3.2.13.RELEASE.pom
2015-10-09 14:03:51,978 [Worker-10] INFO  o.e.m.c.i.e.AbstractTransferListenerAdapter - Downloading https://repo.maven.apache.org/maven2/org/springframework/spring-web/3.2.13.RELEASE/spring-web-3.2.13.RELEASE.pom
2015-10-09 14:03:52,405 [Worker-10] INFO  o.e.m.c.i.e.AbstractTransferListenerAdapter - Downloaded https://repo.maven.apache.org/maven2/org/springframework/spring-web/3.2.13.RELEASE/spring-web-3.2.13.RELEASE.pom
2015-10-09 14:03:52,793 [Worker-10] INFO  o.e.m.c.i.e.AbstractTransferListenerAdapter - Downloading https://repo.maven.apache.org/maven2/javax/servlet/jstl/1.2/jstl-1.2.pom
2015-10-09 14:03:52,996 [Worker-10] INFO  o.e.m.c.i.e.AbstractTransferListenerAdapter - Downloaded https://repo.maven.apache.org/maven2/javax/servlet/jstl/1.2/jstl-1.2.pom
2015-10-09 14:03:54,449 [Worker-10] INFO  o.e.m.c.i.e.AbstractTransferListenerAdapter - Downloading https://repo.maven.apache.org/maven2/javax/servlet/javax.servlet-api/3.1.0/javax.servlet-api-3.1.0.pom
2015-10-09 14:03:54,842 [Worker-10] INFO  o.e.m.c.i.e.AbstractTransferListenerAdapter - Downloaded https://repo.maven.apache.org/maven2/javax/servlet/javax.servlet-api/3.1.0/javax.servlet-api-3.1.0.pom
2015-10-09 14:03:55,266 [Worker-10] INFO  o.e.m.c.i.e.AbstractTransferListenerAdapter - Downloading https://repo.maven.apache.org/maven2/net/java/jvnet-parent/3/jvnet-parent-3.pom
2015-10-09 14:03:55,694 [Worker-10] INFO  o.e.m.c.i.e.AbstractTransferListenerAdapter - Downloaded https://repo.maven.apache.org/maven2/net/java/jvnet-parent/3/jvnet-parent-3.pom
2015-10-09 14:03:56,291 [Worker-10] INFO  o.e.m.c.i.e.AbstractTransferListenerAdapter - Downloading https://repo.maven.apache.org/maven2/org/springframework/spring-webmvc/3.2.13.RELEASE/spring-webmvc-3.2.13.RELEASE.jar
2015-10-09 14:04:18,965 [Worker-10] INFO  o.e.m.c.i.e.AbstractTransferListenerAdapter - Downloaded https://repo.maven.apache.org/maven2/org/springframework/spring-webmvc/3.2.13.RELEASE/spring-webmvc-3.2.13.RELEASE.jar
2015-10-09 14:04:19,355 [Worker-10] INFO  o.e.m.c.i.e.AbstractTransferListenerAdapter - Downloading https://repo.maven.apache.org/maven2/org/springframework/spring-beans/3.2.13.RELEASE/spring-beans-3.2.13.RELEASE.jar
2015-10-09 14:04:44,846 [Worker-10] INFO  o.e.m.c.i.e.AbstractTransferListenerAdapter - Downloaded https://repo.maven.apache.org/maven2/org/springframework/spring-beans/3.2.13.RELEASE/spring-beans-3.2.13.RELEASE.jar
2015-10-09 14:04:45,866 [Worker-10] INFO  o.e.m.c.i.e.AbstractTransferListenerAdapter - Downloading https://repo.maven.apache.org/maven2/org/springframework/spring-context/3.2.13.RELEASE/spring-context-3.2.13.RELEASE.jar
2015-10-09 14:05:29,298 [Worker-10] INFO  o.e.m.c.i.e.AbstractTransferListenerAdapter - Downloaded https://repo.maven.apache.org/maven2/org/springframework/spring-context/3.2.13.RELEASE/spring-context-3.2.13.RELEASE.jar
2015-10-09 14:05:29,704 [Worker-10] INFO  o.e.m.c.i.e.AbstractTransferListenerAdapter - Downloading https://repo.maven.apache.org/maven2/org/springframework/spring-aop/3.2.13.RELEASE/spring-aop-3.2.13.RELEASE.jar
2015-10-09 14:05:39,914 [Worker-10] INFO  o.e.m.c.i.e.AbstractTransferListenerAdapter - Downloaded https://repo.maven.apache.org/maven2/org/springframework/spring-aop/3.2.13.RELEASE/spring-aop-3.2.13.RELEASE.jar
2015-10-09 14:05:40,111 [Worker-10] INFO  o.e.m.c.i.e.AbstractTransferListenerAdapter - Downloading https://repo.maven.apache.org/maven2/org/springframework/spring-core/3.2.13.RELEASE/spring-core-3.2.13.RELEASE.jar
2015-10-09 14:06:33,319 [Worker-10] INFO  o.e.m.c.i.e.AbstractTransferListenerAdapter - Downloaded https://repo.maven.apache.org/maven2/org/springframework/spring-core/3.2.13.RELEASE/spring-core-3.2.13.RELEASE.jar
2015-10-09 14:06:33,508 [Worker-10] INFO  o.e.m.c.i.e.AbstractTransferListenerAdapter - Downloading https://repo.maven.apache.org/maven2/commons-logging/commons-logging/1.1.3/commons-logging-1.1.3.jar
2015-10-09 14:06:35,972 [Worker-10] INFO  o.e.m.c.i.e.AbstractTransferListenerAdapter - Downloaded https://repo.maven.apache.org/maven2/commons-logging/commons-logging/1.1.3/commons-logging-1.1.3.jar
2015-10-09 14:06:36,366 [Worker-10] INFO  o.e.m.c.i.e.AbstractTransferListenerAdapter - Downloading https://repo.maven.apache.org/maven2/org/springframework/spring-expression/3.2.13.RELEASE/spring-expression-3.2.13.RELEASE.jar
2015-10-09 14:06:43,712 [Worker-10] INFO  o.e.m.c.i.e.AbstractTransferListenerAdapter - Downloaded https://repo.maven.apache.org/maven2/org/springframework/spring-expression/3.2.13.RELEASE/spring-expression-3.2.13.RELEASE.jar
2015-10-09 14:06:44,111 [Worker-10] INFO  o.e.m.c.i.e.AbstractTransferListenerAdapter - Downloading https://repo.maven.apache.org/maven2/org/springframework/spring-web/3.2.13.RELEASE/spring-web-3.2.13.RELEASE.jar
2015-10-09 14:07:10,723 [Worker-10] INFO  o.e.m.c.i.e.AbstractTransferListenerAdapter - Downloaded https://repo.maven.apache.org/maven2/org/springframework/spring-web/3.2.13.RELEASE/spring-web-3.2.13.RELEASE.jar
2015-10-09 14:07:11,129 [Worker-10] INFO  o.e.m.c.i.e.AbstractTransferListenerAdapter - Downloading https://repo.maven.apache.org/maven2/javax/servlet/jstl/1.2/jstl-1.2.jar
2015-10-09 14:07:25,661 [Worker-10] INFO  o.e.m.c.i.e.AbstractTransferListenerAdapter - Downloaded https://repo.maven.apache.org/maven2/javax/servlet/jstl/1.2/jstl-1.2.jar
2015-10-09 14:07:26,674 [Worker-10] INFO  o.e.m.c.i.e.AbstractTransferListenerAdapter - Downloading https://repo.maven.apache.org/maven2/javax/servlet/javax.servlet-api/3.1.0/javax.servlet-api-3.1.0.jar
2015-10-09 14:07:32,008 [Worker-10] INFO  o.e.m.c.i.e.AbstractTransferListenerAdapter - Downloaded https://repo.maven.apache.org/maven2/javax/servlet/javax.servlet-api/3.1.0/javax.servlet-api-3.1.0.jar
2015-10-09 14:07:33,200 [Worker-10] INFO  o.e.m.j.i.AbstractJavaProjectConfigurator - Adding source folder /spring3-mvc-maven-annotation-hello-world/src/main/java
2015-10-09 14:07:33,201 [Worker-10] INFO  o.e.m.j.i.AbstractJavaProjectConfigurator - Adding source folder /spring3-mvc-maven-annotation-hello-world/src/test/java
2015-10-09 14:07:34,122 [Worker-10] ERROR o.e.m2e.wtp.WTPProjectConfigurator - Unable to configure spring3-mvc-maven-annotation-hello-world
org.eclipse.m2e.wtp.MarkedException: Unable to configure spring3-mvc-maven-annotation-hello-world
	at org.eclipse.m2e.wtp.AbstractProjectConfiguratorDelegate.configureProject(AbstractProjectConfiguratorDelegate.java:98) ~[na:na]
	at org.eclipse.m2e.wtp.WTPProjectConfigurator.configure(WTPProjectConfigurator.java:71) ~[na:na]
	at org.eclipse.m2e.core.project.configurator.AbstractLifecycleMapping.configure(AbstractLifecycleMapping.java:120) [org.eclipse.m2e.core_1.6.0.20150526-2032.jar:na]
	at org.eclipse.m2e.core.internal.project.ProjectConfigurationManager$3.call(ProjectConfigurationManager.java:501) [org.eclipse.m2e.core_1.6.0.20150526-2032.jar:na]
	at org.eclipse.m2e.core.internal.project.ProjectConfigurationManager$3.call(ProjectConfigurationManager.java:1) [org.eclipse.m2e.core_1.6.0.20150526-2032.jar:na]
	at org.eclipse.m2e.core.internal.embedder.MavenExecutionContext.executeBare(MavenExecutionContext.java:176) [org.eclipse.m2e.core_1.6.0.20150526-2032.jar:na]
	at org.eclipse.m2e.core.internal.embedder.MavenExecutionContext.execute(MavenExecutionContext.java:151) [org.eclipse.m2e.core_1.6.0.20150526-2032.jar:na]
	at org.eclipse.m2e.core.internal.project.ProjectConfigurationManager.updateProjectConfiguration(ProjectConfigurationManager.java:494) [org.eclipse.m2e.core_1.6.0.20150526-2032.jar:na]
	at org.eclipse.m2e.core.internal.project.ProjectConfigurationManager.configureNewMavenProjects(ProjectConfigurationManager.java:281) [org.eclipse.m2e.core_1.6.0.20150526-2032.jar:na]
	at org.eclipse.m2e.core.internal.project.ProjectConfigurationManager$1.call(ProjectConfigurationManager.java:168) [org.eclipse.m2e.core_1.6.0.20150526-2032.jar:na]
	at org.eclipse.m2e.core.internal.project.ProjectConfigurationManager$1.call(ProjectConfigurationManager.java:1) [org.eclipse.m2e.core_1.6.0.20150526-2032.jar:na]
	at org.eclipse.m2e.core.internal.embedder.MavenExecutionContext.executeBare(MavenExecutionContext.java:176) [org.eclipse.m2e.core_1.6.0.20150526-2032.jar:na]
	at org.eclipse.m2e.core.internal.embedder.MavenExecutionContext.execute(MavenExecutionContext.java:151) [org.eclipse.m2e.core_1.6.0.20150526-2032.jar:na]
	at org.eclipse.m2e.core.internal.embedder.MavenExecutionContext.execute(MavenExecutionContext.java:99) [org.eclipse.m2e.core_1.6.0.20150526-2032.jar:na]
	at org.eclipse.m2e.core.internal.embedder.MavenImpl.execute(MavenImpl.java:1355) [org.eclipse.m2e.core_1.6.0.20150526-2032.jar:na]
	at org.eclipse.m2e.core.internal.project.ProjectConfigurationManager.importProjects(ProjectConfigurationManager.java:136) [org.eclipse.m2e.core_1.6.0.20150526-2032.jar:na]
	at org.eclipse.m2e.core.ui.internal.wizards.ImportMavenProjectsJob$1.doCreateMavenProjects(ImportMavenProjectsJob.java:68) [org.eclipse.m2e.core.ui_1.6.0.20150526-2032.jar:na]
	at org.eclipse.m2e.core.ui.internal.wizards.AbstractCreateMavenProjectsOperation.run(AbstractCreateMavenProjectsOperation.java:62) [org.eclipse.m2e.core.ui_1.6.0.20150526-2032.jar:na]
	at org.eclipse.m2e.core.ui.internal.wizards.ImportMavenProjectsJob.runInWorkspace(ImportMavenProjectsJob.java:77) [org.eclipse.m2e.core.ui_1.6.0.20150526-2032.jar:na]
	at org.eclipse.core.internal.resources.InternalWorkspaceJob.run(InternalWorkspaceJob.java:39) [org.eclipse.core.resources_3.10.0.v20150423-0755.jar:na]
	at org.eclipse.core.internal.jobs.Worker.run(Worker.java:55) [org.eclipse.core.jobs_3.7.0.v20150330-2103.jar:na]
Caused by: org.eclipse.core.runtime.CoreException: One or more constraints have not been satisfied.
	at org.eclipse.wst.common.project.facet.core.internal.FacetedProject.modifyInternal(FacetedProject.java:363) ~[na:na]
	at org.eclipse.wst.common.project.facet.core.internal.FacetedProject.mergeChangesInternal(FacetedProject.java:1181) ~[na:na]
	at org.eclipse.wst.common.project.facet.core.internal.FacetedProject.access$2(FacetedProject.java:1117) ~[na:na]
	at org.eclipse.wst.common.project.facet.core.internal.FacetedProject$1.run(FacetedProject.java:324) ~[na:na]
	at org.eclipse.core.internal.resources.Workspace.run(Workspace.java:2241) ~[org.eclipse.core.resources_3.10.0.v20150423-0755.jar:na]
	at org.eclipse.wst.common.project.facet.core.internal.FacetedProject.modify(FacetedProject.java:339) ~[na:na]
	at org.eclipse.m2e.wtp.WebProjectConfiguratorDelegate.configure(WebProjectConfiguratorDelegate.java:133) ~[na:na]
	at org.eclipse.m2e.wtp.AbstractProjectConfiguratorDelegate.configureProject(AbstractProjectConfiguratorDelegate.java:94) ~[na:na]
	... 20 common frames omitted
2015-10-09 14:07:34,504 [Worker-10] INFO  o.e.m.c.i.p.ProjectConfigurationManager - Imported and configured 1 project(s) in 275 sec
2015-10-09 14:07:35,297 [Worker-4] WARN  o.e.m.c.i.embedder.EclipseLogger - Using platform encoding (UTF-8 actually) to copy filtered resources, i.e. build is platform dependent!
2015-10-09 14:07:35,299 [Worker-4] INFO  o.e.m.c.i.embedder.EclipseLogger - skip non existing resourceDirectory /Users/Hanlu/Downloads/spring3-mvc-maven-annotation-hello-world-master/src/main/resources
2015-10-09 14:07:35,303 [Worker-4] WARN  o.e.m.c.i.embedder.EclipseLogger - Using platform encoding (UTF-8 actually) to copy filtered resources, i.e. build is platform dependent!
2015-10-09 14:07:35,304 [Worker-4] INFO  o.e.m.c.i.embedder.EclipseLogger - skip non existing resourceDirectory /Users/Hanlu/Downloads/spring3-mvc-maven-annotation-hello-world-master/src/test/resources
2015-10-09 14:18:30,683 [Worker-17] INFO  o.e.m.i.launch.MavenLaunchDelegate - /Users/Hanlu/Downloads/spring3-mvc-maven-annotation-hello-world-master
2015-10-09 14:18:30,684 [Worker-17] INFO  o.e.m.i.launch.MavenLaunchDelegate -  mvn  -B install
2015-10-09 15:15:39,553 [Worker-5] INFO  o.e.m.c.i.l.LifecycleMappingFactory - Using org.maven.ide.eclipse.wtp.WarLifecycleMapping lifecycle mapping for MavenProject: com.mkyong:spring3-mvc-maven-annotation-hello-world:1.0-SNAPSHOT @ /Users/Hanlu/Downloads/spring3-mvc-maven-annotation-hello-world-master/pom.xml.
2015-10-09 15:15:41,063 [Worker-5] INFO  o.e.m.j.i.AbstractJavaProjectConfigurator - Adding source folder /spring3-mvc-maven-annotation-hello-world/src/main/java
2015-10-09 15:15:41,068 [Worker-5] INFO  o.e.m.j.i.AbstractJavaProjectConfigurator - Adding source folder /spring3-mvc-maven-annotation-hello-world/src/test/java
2015-10-09 15:15:41,664 [Worker-5] ERROR o.e.m2e.wtp.WTPProjectConfigurator - Unable to configure spring3-mvc-maven-annotation-hello-world
org.eclipse.m2e.wtp.MarkedException: Unable to configure spring3-mvc-maven-annotation-hello-world
	at org.eclipse.m2e.wtp.AbstractProjectConfiguratorDelegate.configureProject(AbstractProjectConfiguratorDelegate.java:98) ~[na:na]
	at org.eclipse.m2e.wtp.WTPProjectConfigurator.configure(WTPProjectConfigurator.java:71) ~[na:na]
	at org.eclipse.m2e.core.project.configurator.AbstractLifecycleMapping.configure(AbstractLifecycleMapping.java:120) [org.eclipse.m2e.core_1.6.0.20150526-2032.jar:na]
	at org.eclipse.m2e.core.internal.project.ProjectConfigurationManager$3.call(ProjectConfigurationManager.java:501) [org.eclipse.m2e.core_1.6.0.20150526-2032.jar:na]
	at org.eclipse.m2e.core.internal.project.ProjectConfigurationManager$3.call(ProjectConfigurationManager.java:1) [org.eclipse.m2e.core_1.6.0.20150526-2032.jar:na]
	at org.eclipse.m2e.core.internal.embedder.MavenExecutionContext.executeBare(MavenExecutionContext.java:176) [org.eclipse.m2e.core_1.6.0.20150526-2032.jar:na]
	at org.eclipse.m2e.core.internal.embedder.MavenExecutionContext.execute(MavenExecutionContext.java:151) [org.eclipse.m2e.core_1.6.0.20150526-2032.jar:na]
	at org.eclipse.m2e.core.internal.project.ProjectConfigurationManager.updateProjectConfiguration(ProjectConfigurationManager.java:494) [org.eclipse.m2e.core_1.6.0.20150526-2032.jar:na]
	at org.eclipse.m2e.core.internal.project.ProjectConfigurationManager.configureNewMavenProjects(ProjectConfigurationManager.java:281) [org.eclipse.m2e.core_1.6.0.20150526-2032.jar:na]
	at org.eclipse.m2e.core.internal.project.ProjectConfigurationManager$1.call(ProjectConfigurationManager.java:168) [org.eclipse.m2e.core_1.6.0.20150526-2032.jar:na]
	at org.eclipse.m2e.core.internal.project.ProjectConfigurationManager$1.call(ProjectConfigurationManager.java:1) [org.eclipse.m2e.core_1.6.0.20150526-2032.jar:na]
	at org.eclipse.m2e.core.internal.embedder.MavenExecutionContext.executeBare(MavenExecutionContext.java:176) [org.eclipse.m2e.core_1.6.0.20150526-2032.jar:na]
	at org.eclipse.m2e.core.internal.embedder.MavenExecutionContext.execute(MavenExecutionContext.java:151) [org.eclipse.m2e.core_1.6.0.20150526-2032.jar:na]
	at org.eclipse.m2e.core.internal.embedder.MavenExecutionContext.execute(MavenExecutionContext.java:99) [org.eclipse.m2e.core_1.6.0.20150526-2032.jar:na]
	at org.eclipse.m2e.core.internal.embedder.MavenImpl.execute(MavenImpl.java:1355) [org.eclipse.m2e.core_1.6.0.20150526-2032.jar:na]
	at org.eclipse.m2e.core.internal.project.ProjectConfigurationManager.importProjects(ProjectConfigurationManager.java:136) [org.eclipse.m2e.core_1.6.0.20150526-2032.jar:na]
	at org.eclipse.m2e.core.ui.internal.wizards.ImportMavenProjectsJob$1.doCreateMavenProjects(ImportMavenProjectsJob.java:68) [org.eclipse.m2e.core.ui_1.6.0.20150526-2032.jar:na]
	at org.eclipse.m2e.core.ui.internal.wizards.AbstractCreateMavenProjectsOperation.run(AbstractCreateMavenProjectsOperation.java:62) [org.eclipse.m2e.core.ui_1.6.0.20150526-2032.jar:na]
	at org.eclipse.m2e.core.ui.internal.wizards.ImportMavenProjectsJob.runInWorkspace(ImportMavenProjectsJob.java:77) [org.eclipse.m2e.core.ui_1.6.0.20150526-2032.jar:na]
	at org.eclipse.core.internal.resources.InternalWorkspaceJob.run(InternalWorkspaceJob.java:39) [org.eclipse.core.resources_3.10.0.v20150423-0755.jar:na]
	at org.eclipse.core.internal.jobs.Worker.run(Worker.java:55) [org.eclipse.core.jobs_3.7.0.v20150330-2103.jar:na]
Caused by: org.eclipse.core.runtime.CoreException: One or more constraints have not been satisfied.
	at org.eclipse.wst.common.project.facet.core.internal.FacetedProject.modifyInternal(FacetedProject.java:363) ~[na:na]
	at org.eclipse.wst.common.project.facet.core.internal.FacetedProject.mergeChangesInternal(FacetedProject.java:1181) ~[na:na]
	at org.eclipse.wst.common.project.facet.core.internal.FacetedProject.access$2(FacetedProject.java:1117) ~[na:na]
	at org.eclipse.wst.common.project.facet.core.internal.FacetedProject$1.run(FacetedProject.java:324) ~[na:na]
	at org.eclipse.core.internal.resources.Workspace.run(Workspace.java:2241) ~[org.eclipse.core.resources_3.10.0.v20150423-0755.jar:na]
	at org.eclipse.wst.common.project.facet.core.internal.FacetedProject.modify(FacetedProject.java:339) ~[na:na]
	at org.eclipse.m2e.wtp.WebProjectConfiguratorDelegate.configure(WebProjectConfiguratorDelegate.java:133) ~[na:na]
	at org.eclipse.m2e.wtp.AbstractProjectConfiguratorDelegate.configureProject(AbstractProjectConfiguratorDelegate.java:94) ~[na:na]
	... 20 common frames omitted
2015-10-09 15:15:41,900 [Worker-5] INFO  o.e.m.c.i.p.ProjectConfigurationManager - Imported and configured 1 project(s) in 3 sec
2015-10-09 15:15:42,324 [Worker-3] WARN  o.e.m.c.i.embedder.EclipseLogger - Using platform encoding (UTF-8 actually) to copy filtered resources, i.e. build is platform dependent!
2015-10-09 15:15:42,325 [Worker-3] INFO  o.e.m.c.i.embedder.EclipseLogger - skip non existing resourceDirectory /Users/Hanlu/Downloads/spring3-mvc-maven-annotation-hello-world-master/src/main/resources
2015-10-09 15:15:42,328 [Worker-3] WARN  o.e.m.c.i.embedder.EclipseLogger - Using platform encoding (UTF-8 actually) to copy filtered resources, i.e. build is platform dependent!
2015-10-09 15:15:42,329 [Worker-3] INFO  o.e.m.c.i.embedder.EclipseLogger - skip non existing resourceDirectory /Users/Hanlu/Downloads/spring3-mvc-maven-annotation-hello-world-master/src/test/resources
2015-10-09 15:26:00,397 [Worker-15] INFO  o.e.m.i.launch.MavenLaunchDelegate - /Users/Hanlu/Downloads/spring3-mvc-maven-annotation-hello-world-master
2015-10-09 15:26:00,398 [Worker-15] INFO  o.e.m.i.launch.MavenLaunchDelegate -  mvn  -B install
2015-10-09 15:26:07,695 [Worker-14] WARN  o.e.m.c.i.embedder.EclipseLogger - Using platform encoding (UTF-8 actually) to copy filtered resources, i.e. build is platform dependent!
2015-10-09 15:26:07,697 [Worker-14] INFO  o.e.m.c.i.embedder.EclipseLogger - skip non existing resourceDirectory /Users/Hanlu/Downloads/spring3-mvc-maven-annotation-hello-world-master/src/main/resources
2015-10-09 15:26:07,699 [Worker-14] WARN  o.e.m.c.i.embedder.EclipseLogger - Using platform encoding (UTF-8 actually) to copy filtered resources, i.e. build is platform dependent!
2015-10-09 15:26:07,700 [Worker-14] INFO  o.e.m.c.i.embedder.EclipseLogger - skip non existing resourceDirectory /Users/Hanlu/Downloads/spring3-mvc-maven-annotation-hello-world-master/src/test/resources
2015-10-09 16:37:15,869 [Worker-28] INFO  o.e.m.c.i.p.ProjectConfigurationManager - Collecting project info '/pom.xml' /Users/Hanlu/Desktop/oa_system/HelloWorld/pom.xml
2015-10-09 16:37:17,393 [Worker-28] INFO  o.e.m.c.i.l.LifecycleMappingFactory - Using org.maven.ide.eclipse.wtp.WarLifecycleMapping lifecycle mapping for MavenProject: com.guohong:HelloWorld:0.0.1-SNAPSHOT @ /Users/Hanlu/Desktop/oa_system/HelloWorld/pom.xml.
2015-10-09 16:37:18,552 [Worker-28] INFO  o.e.m.j.i.AbstractJavaProjectConfigurator - Adding source folder /HelloWorld/src/main/java
2015-10-09 16:37:18,554 [Worker-28] INFO  o.e.m.j.i.AbstractJavaProjectConfigurator - Adding resource folder /HelloWorld/src/main/resources
2015-10-09 16:37:18,554 [Worker-28] INFO  o.e.m.j.i.AbstractJavaProjectConfigurator - Adding source folder /HelloWorld/src/test/java
2015-10-09 16:37:22,735 [Worker-28] INFO  o.e.m.c.i.p.ProjectConfigurationManager - Imported and configured 1 project(s) in 6 sec
2015-10-09 16:37:24,084 [Worker-4] WARN  o.e.m.c.i.embedder.EclipseLogger - Using platform encoding (UTF-8 actually) to copy filtered resources, i.e. build is platform dependent!
2015-10-09 16:37:24,097 [Worker-4] INFO  o.e.m.c.i.embedder.EclipseLogger - Copying 0 resource
2015-10-09 16:37:24,102 [Worker-4] WARN  o.e.m.c.i.embedder.EclipseLogger - Using platform encoding (UTF-8 actually) to copy filtered resources, i.e. build is platform dependent!
2015-10-09 16:37:24,103 [Worker-4] INFO  o.e.m.c.i.embedder.EclipseLogger - skip non existing resourceDirectory /Users/Hanlu/Desktop/oa_system/HelloWorld/src/test/resources
2015-10-09 16:40:06,669 [Worker-1] WARN  o.e.m.c.i.embedder.EclipseLogger - Using platform encoding (UTF-8 actually) to copy filtered resources, i.e. build is platform dependent!
2015-10-09 16:40:06,682 [Worker-1] INFO  o.e.m.c.i.embedder.EclipseLogger - Copying 0 resource
2015-10-09 16:40:06,684 [Worker-1] WARN  o.e.m.c.i.embedder.EclipseLogger - Using platform encoding (UTF-8 actually) to copy filtered resources, i.e. build is platform dependent!
2015-10-09 16:40:06,685 [Worker-1] INFO  o.e.m.c.i.embedder.EclipseLogger - skip non existing resourceDirectory /Users/Hanlu/Desktop/oa_system/HelloWorld/src/test/resources
2015-10-09 16:42:31,958 [Worker-27] WARN  o.e.m.c.i.embedder.EclipseLogger - Using platform encoding (UTF-8 actually) to copy filtered resources, i.e. build is platform dependent!
2015-10-09 16:42:31,960 [Worker-27] INFO  o.e.m.c.i.embedder.EclipseLogger - Copying 0 resource
2015-10-09 16:42:31,962 [Worker-27] WARN  o.e.m.c.i.embedder.EclipseLogger - Using platform encoding (UTF-8 actually) to copy filtered resources, i.e. build is platform dependent!
2015-10-09 16:42:31,963 [Worker-27] INFO  o.e.m.c.i.embedder.EclipseLogger - skip non existing resourceDirectory /Users/Hanlu/Desktop/oa_system/HelloWorld/src/test/resources
2015-10-09 16:43:10,801 [Worker-17] WARN  o.e.m.c.i.embedder.EclipseLogger - Using platform encoding (UTF-8 actually) to copy filtered resources, i.e. build is platform dependent!
2015-10-09 16:43:10,815 [Worker-17] INFO  o.e.m.c.i.embedder.EclipseLogger - Copying 0 resource
2015-10-09 16:43:10,816 [Worker-17] WARN  o.e.m.c.i.embedder.EclipseLogger - Using platform encoding (UTF-8 actually) to copy filtered resources, i.e. build is platform dependent!
2015-10-09 16:43:10,817 [Worker-17] INFO  o.e.m.c.i.embedder.EclipseLogger - skip non existing resourceDirectory /Users/Hanlu/Desktop/oa_system/HelloWorld/src/test/resources
2015-10-09 16:44:13,357 [Worker-27] WARN  o.e.m.c.i.embedder.EclipseLogger - Using platform encoding (UTF-8 actually) to copy filtered resources, i.e. build is platform dependent!
2015-10-09 16:44:13,359 [Worker-27] INFO  o.e.m.c.i.embedder.EclipseLogger - Copying 0 resource
2015-10-09 16:44:13,361 [Worker-27] WARN  o.e.m.c.i.embedder.EclipseLogger - Using platform encoding (UTF-8 actually) to copy filtered resources, i.e. build is platform dependent!
2015-10-09 16:44:13,362 [Worker-27] INFO  o.e.m.c.i.embedder.EclipseLogger - skip non existing resourceDirectory /Users/Hanlu/Desktop/oa_system/HelloWorld/src/test/resources
2015-10-09 16:44:43,137 [Worker-11] WARN  o.e.m.c.i.embedder.EclipseLogger - Using platform encoding (UTF-8 actually) to copy filtered resources, i.e. build is platform dependent!
2015-10-09 16:44:43,145 [Worker-11] INFO  o.e.m.c.i.embedder.EclipseLogger - Copying 0 resource
2015-10-09 16:44:43,147 [Worker-11] WARN  o.e.m.c.i.embedder.EclipseLogger - Using platform encoding (UTF-8 actually) to copy filtered resources, i.e. build is platform dependent!
2015-10-09 16:44:43,148 [Worker-11] INFO  o.e.m.c.i.embedder.EclipseLogger - skip non existing resourceDirectory /Users/Hanlu/Desktop/oa_system/HelloWorld/src/test/resources
2015-10-09 16:45:01,926 [Worker-1] WARN  o.e.m.c.i.embedder.EclipseLogger - Using platform encoding (UTF-8 actually) to copy filtered resources, i.e. build is platform dependent!
2015-10-09 16:45:01,927 [Worker-1] INFO  o.e.m.c.i.embedder.EclipseLogger - Copying 0 resource
2015-10-09 16:45:01,929 [Worker-1] WARN  o.e.m.c.i.embedder.EclipseLogger - Using platform encoding (UTF-8 actually) to copy filtered resources, i.e. build is platform dependent!
2015-10-09 16:45:01,929 [Worker-1] INFO  o.e.m.c.i.embedder.EclipseLogger - skip non existing resourceDirectory /Users/Hanlu/Desktop/oa_system/HelloWorld/src/test/resources
2015-10-09 16:45:34,201 [Worker-11] INFO  o.e.m.i.launch.MavenLaunchDelegate - /Users/Hanlu/Desktop/oa_system/HelloWorld
2015-10-09 16:45:34,201 [Worker-11] INFO  o.e.m.i.launch.MavenLaunchDelegate -  mvn  -B install
2015-10-09 16:45:40,918 [Worker-21] WARN  o.e.m.c.i.embedder.EclipseLogger - Using platform encoding (UTF-8 actually) to copy filtered resources, i.e. build is platform dependent!
2015-10-09 16:45:40,921 [Worker-21] INFO  o.e.m.c.i.embedder.EclipseLogger - Copying 0 resource
2015-10-09 16:45:40,925 [Worker-21] WARN  o.e.m.c.i.embedder.EclipseLogger - Using platform encoding (UTF-8 actually) to copy filtered resources, i.e. build is platform dependent!
2015-10-09 16:45:40,926 [Worker-21] INFO  o.e.m.c.i.embedder.EclipseLogger - skip non existing resourceDirectory /Users/Hanlu/Desktop/oa_system/HelloWorld/src/test/resources
2015-10-09 16:49:13,760 [Worker-4] WARN  o.e.m.c.i.embedder.EclipseLogger - Using platform encoding (UTF-8 actually) to copy filtered resources, i.e. build is platform dependent!
2015-10-09 16:49:13,768 [Worker-4] INFO  o.e.m.c.i.embedder.EclipseLogger - Copying 0 resource
2015-10-09 16:49:13,770 [Worker-4] WARN  o.e.m.c.i.embedder.EclipseLogger - Using platform encoding (UTF-8 actually) to copy filtered resources, i.e. build is platform dependent!
2015-10-09 16:49:13,770 [Worker-4] INFO  o.e.m.c.i.embedder.EclipseLogger - skip non existing resourceDirectory /Users/Hanlu/Desktop/oa_system/HelloWorld/src/test/resources
2015-10-09 16:49:28,230 [Worker-4] WARN  o.e.m.c.i.embedder.EclipseLogger - Using platform encoding (UTF-8 actually) to copy filtered resources, i.e. build is platform dependent!
2015-10-09 16:49:28,238 [Worker-4] INFO  o.e.m.c.i.embedder.EclipseLogger - Copying 0 resource
2015-10-09 16:49:28,240 [Worker-4] WARN  o.e.m.c.i.embedder.EclipseLogger - Using platform encoding (UTF-8 actually) to copy filtered resources, i.e. build is platform dependent!
2015-10-09 16:49:28,240 [Worker-4] INFO  o.e.m.c.i.embedder.EclipseLogger - skip non existing resourceDirectory /Users/Hanlu/Desktop/oa_system/HelloWorld/src/test/resources
2015-10-09 16:49:45,126 [Worker-17] WARN  o.e.m.c.i.embedder.EclipseLogger - Using platform encoding (UTF-8 actually) to copy filtered resources, i.e. build is platform dependent!
2015-10-09 16:49:45,135 [Worker-17] INFO  o.e.m.c.i.embedder.EclipseLogger - Copying 0 resource
2015-10-09 16:49:45,137 [Worker-17] WARN  o.e.m.c.i.embedder.EclipseLogger - Using platform encoding (UTF-8 actually) to copy filtered resources, i.e. build is platform dependent!
2015-10-09 16:49:45,137 [Worker-17] INFO  o.e.m.c.i.embedder.EclipseLogger - skip non existing resourceDirectory /Users/Hanlu/Desktop/oa_system/HelloWorld/src/test/resources
2015-10-09 16:55:40,357 [Worker-21] INFO  o.e.m.c.i.l.LifecycleMappingFactory - Using org.maven.ide.eclipse.wtp.WarLifecycleMapping lifecycle mapping for MavenProject: com.programcreek:HelloWorld:0.0.1-SNAPSHOT @ /Users/Hanlu/Desktop/oa_system/HelloWorld/pom.xml.
2015-10-09 16:55:46,008 [Worker-21] INFO  o.e.m.c.i.e.AbstractTransferListenerAdapter - Downloading https://repo.maven.apache.org/maven2/org/springframework/spring-core/4.0.1.RELEASE/spring-core-4.0.1.RELEASE.pom
2015-10-09 16:55:46,621 [Worker-21] INFO  o.e.m.c.i.e.AbstractTransferListenerAdapter - Downloaded https://repo.maven.apache.org/maven2/org/springframework/spring-core/4.0.1.RELEASE/spring-core-4.0.1.RELEASE.pom
2015-10-09 16:55:47,058 [Worker-21] INFO  o.e.m.c.i.e.AbstractTransferListenerAdapter - Downloading https://repo.maven.apache.org/maven2/org/springframework/spring-web/4.0.1.RELEASE/spring-web-4.0.1.RELEASE.pom
2015-10-09 16:55:49,978 [Worker-21] INFO  o.e.m.c.i.e.AbstractTransferListenerAdapter - Downloaded https://repo.maven.apache.org/maven2/org/springframework/spring-web/4.0.1.RELEASE/spring-web-4.0.1.RELEASE.pom
2015-10-09 16:55:50,416 [Worker-21] INFO  o.e.m.c.i.e.AbstractTransferListenerAdapter - Downloading https://repo.maven.apache.org/maven2/org/springframework/spring-aop/4.0.1.RELEASE/spring-aop-4.0.1.RELEASE.pom
2015-10-09 16:55:50,892 [Worker-21] INFO  o.e.m.c.i.e.AbstractTransferListenerAdapter - Downloaded https://repo.maven.apache.org/maven2/org/springframework/spring-aop/4.0.1.RELEASE/spring-aop-4.0.1.RELEASE.pom
2015-10-09 16:55:51,473 [Worker-21] INFO  o.e.m.c.i.e.AbstractTransferListenerAdapter - Downloading https://repo.maven.apache.org/maven2/org/springframework/spring-beans/4.0.1.RELEASE/spring-beans-4.0.1.RELEASE.pom
2015-10-09 16:55:52,066 [Worker-21] INFO  o.e.m.c.i.e.AbstractTransferListenerAdapter - Downloaded https://repo.maven.apache.org/maven2/org/springframework/spring-beans/4.0.1.RELEASE/spring-beans-4.0.1.RELEASE.pom
2015-10-09 16:55:54,115 [Worker-21] INFO  o.e.m.c.i.e.AbstractTransferListenerAdapter - Downloading https://repo.maven.apache.org/maven2/org/springframework/spring-context/4.0.1.RELEASE/spring-context-4.0.1.RELEASE.pom
2015-10-09 16:55:54,536 [Worker-21] INFO  o.e.m.c.i.e.AbstractTransferListenerAdapter - Downloaded https://repo.maven.apache.org/maven2/org/springframework/spring-context/4.0.1.RELEASE/spring-context-4.0.1.RELEASE.pom
2015-10-09 16:55:54,943 [Worker-21] INFO  o.e.m.c.i.e.AbstractTransferListenerAdapter - Downloading https://repo.maven.apache.org/maven2/org/springframework/spring-expression/4.0.1.RELEASE/spring-expression-4.0.1.RELEASE.pom
2015-10-09 16:55:56,475 [Worker-21] INFO  o.e.m.c.i.e.AbstractTransferListenerAdapter - Downloaded https://repo.maven.apache.org/maven2/org/springframework/spring-expression/4.0.1.RELEASE/spring-expression-4.0.1.RELEASE.pom
2015-10-09 16:56:24,222 [Worker-21] INFO  o.e.m.c.i.e.AbstractTransferListenerAdapter - Downloading https://repo.maven.apache.org/maven2/org/springframework/spring-webmvc/4.0.1.RELEASE/spring-webmvc-4.0.1.RELEASE.pom
2015-10-09 16:56:24,697 [Worker-21] INFO  o.e.m.c.i.e.AbstractTransferListenerAdapter - Downloaded https://repo.maven.apache.org/maven2/org/springframework/spring-webmvc/4.0.1.RELEASE/spring-webmvc-4.0.1.RELEASE.pom
2015-10-09 16:56:35,904 [Worker-21] INFO  o.e.m.c.i.e.AbstractTransferListenerAdapter - Downloading https://repo.maven.apache.org/maven2/org/springframework/spring-core/4.0.1.RELEASE/spring-core-4.0.1.RELEASE.jar
2015-10-09 17:02:35,089 [Worker-21] INFO  o.e.m.c.i.e.AbstractTransferListenerAdapter - Downloading https://repo.maven.apache.org/maven2/org/springframework/spring-core/4.0.1.RELEASE/spring-core-4.0.1.RELEASE.jar
2015-10-09 17:03:17,537 [Worker-21] INFO  o.e.m.c.i.e.AbstractTransferListenerAdapter - Downloaded https://repo.maven.apache.org/maven2/org/springframework/spring-core/4.0.1.RELEASE/spring-core-4.0.1.RELEASE.jar
2015-10-09 17:03:18,311 [Worker-21] INFO  o.e.m.c.i.e.AbstractTransferListenerAdapter - Downloading https://repo.maven.apache.org/maven2/org/springframework/spring-web/4.0.1.RELEASE/spring-web-4.0.1.RELEASE.jar
2015-10-09 17:03:56,736 [Worker-21] INFO  o.e.m.c.i.e.AbstractTransferListenerAdapter - Downloaded https://repo.maven.apache.org/maven2/org/springframework/spring-web/4.0.1.RELEASE/spring-web-4.0.1.RELEASE.jar
2015-10-09 17:03:58,935 [Worker-21] INFO  o.e.m.c.i.e.AbstractTransferListenerAdapter - Downloading https://repo.maven.apache.org/maven2/org/springframework/spring-aop/4.0.1.RELEASE/spring-aop-4.0.1.RELEASE.jar
2015-10-09 17:04:27,290 [Worker-21] INFO  o.e.m.c.i.e.AbstractTransferListenerAdapter - Downloaded https://repo.maven.apache.org/maven2/org/springframework/spring-aop/4.0.1.RELEASE/spring-aop-4.0.1.RELEASE.jar
2015-10-09 17:04:29,008 [Worker-21] INFO  o.e.m.c.i.e.AbstractTransferListenerAdapter - Downloading https://repo.maven.apache.org/maven2/org/springframework/spring-beans/4.0.1.RELEASE/spring-beans-4.0.1.RELEASE.jar
2015-10-09 17:05:01,557 [Worker-21] INFO  o.e.m.c.i.e.AbstractTransferListenerAdapter - Downloaded https://repo.maven.apache.org/maven2/org/springframework/spring-beans/4.0.1.RELEASE/spring-beans-4.0.1.RELEASE.jar
2015-10-09 17:05:02,011 [Worker-21] INFO  o.e.m.c.i.e.AbstractTransferListenerAdapter - Downloading https://repo.maven.apache.org/maven2/org/springframework/spring-context/4.0.1.RELEASE/spring-context-4.0.1.RELEASE.jar
2015-10-09 17:05:42,469 [Worker-21] INFO  o.e.m.c.i.e.AbstractTransferListenerAdapter - Downloaded https://repo.maven.apache.org/maven2/org/springframework/spring-context/4.0.1.RELEASE/spring-context-4.0.1.RELEASE.jar
2015-10-09 17:05:44,036 [Worker-21] INFO  o.e.m.c.i.e.AbstractTransferListenerAdapter - Downloading https://repo.maven.apache.org/maven2/org/springframework/spring-webmvc/4.0.1.RELEASE/spring-webmvc-4.0.1.RELEASE.jar
2015-10-09 17:06:19,859 [Worker-21] INFO  o.e.m.c.i.e.AbstractTransferListenerAdapter - Downloaded https://repo.maven.apache.org/maven2/org/springframework/spring-webmvc/4.0.1.RELEASE/spring-webmvc-4.0.1.RELEASE.jar
2015-10-09 17:06:21,227 [Worker-21] INFO  o.e.m.c.i.e.AbstractTransferListenerAdapter - Downloading https://repo.maven.apache.org/maven2/org/springframework/spring-expression/4.0.1.RELEASE/spring-expression-4.0.1.RELEASE.jar
2015-10-09 17:06:30,850 [Worker-21] INFO  o.e.m.c.i.e.AbstractTransferListenerAdapter - Downloaded https://repo.maven.apache.org/maven2/org/springframework/spring-expression/4.0.1.RELEASE/spring-expression-4.0.1.RELEASE.jar
2015-10-09 17:06:32,383 [Worker-21] WARN  o.e.m.c.i.embedder.EclipseLogger - Using platform encoding (UTF-8 actually) to copy filtered resources, i.e. build is platform dependent!
2015-10-09 17:06:32,388 [Worker-21] INFO  o.e.m.c.i.embedder.EclipseLogger - Copying 0 resource
2015-10-09 17:06:32,393 [Worker-21] WARN  o.e.m.c.i.embedder.EclipseLogger - Using platform encoding (UTF-8 actually) to copy filtered resources, i.e. build is platform dependent!
2015-10-09 17:06:32,394 [Worker-21] INFO  o.e.m.c.i.embedder.EclipseLogger - skip non existing resourceDirectory /Users/Hanlu/Desktop/oa_system/HelloWorld/src/test/resources
2015-10-09 17:06:32,401 [Worker-21] INFO  o.e.m.w.i.f.ResourceFilteringBuildParticipant - Changed resources require a complete clean of filtered resources of HelloWorld
2015-10-09 17:06:32,407 [Worker-21] INFO  o.e.m.w.i.f.ResourceFilteringBuildParticipant - Executing resource filtering for HelloWorld
2015-10-09 17:06:32,418 [Worker-21] WARN  o.e.m.c.i.embedder.EclipseLogger - Using platform encoding (UTF-8 actually) to copy filtered resources, i.e. build is platform dependent!
2015-10-09 17:06:32,800 [Worker-32] WARN  o.e.m.c.i.embedder.EclipseLogger - Using platform encoding (UTF-8 actually) to copy filtered resources, i.e. build is platform dependent!
2015-10-09 17:06:32,801 [Worker-32] INFO  o.e.m.c.i.embedder.EclipseLogger - Copying 0 resource
2015-10-09 17:06:32,803 [Worker-32] WARN  o.e.m.c.i.embedder.EclipseLogger - Using platform encoding (UTF-8 actually) to copy filtered resources, i.e. build is platform dependent!
2015-10-09 17:06:32,804 [Worker-32] INFO  o.e.m.c.i.embedder.EclipseLogger - skip non existing resourceDirectory /Users/Hanlu/Desktop/oa_system/HelloWorld/src/test/resources
2015-10-09 17:06:33,052 [Worker-1] INFO  o.e.m.i.launch.MavenLaunchDelegate - /Users/Hanlu/Desktop/oa_system/HelloWorld
2015-10-09 17:06:33,054 [Worker-1] INFO  o.e.m.i.launch.MavenLaunchDelegate -  mvn  -B install
2015-10-09 17:06:41,925 [Worker-35] WARN  o.e.m.c.i.embedder.EclipseLogger - Using platform encoding (UTF-8 actually) to copy filtered resources, i.e. build is platform dependent!
2015-10-09 17:06:41,926 [Worker-35] INFO  o.e.m.c.i.embedder.EclipseLogger - Copying 0 resource
2015-10-09 17:06:41,927 [Worker-35] WARN  o.e.m.c.i.embedder.EclipseLogger - Using platform encoding (UTF-8 actually) to copy filtered resources, i.e. build is platform dependent!
2015-10-09 17:06:41,928 [Worker-35] INFO  o.e.m.c.i.embedder.EclipseLogger - skip non existing resourceDirectory /Users/Hanlu/Desktop/oa_system/HelloWorld/src/test/resources
2015-10-09 17:10:47,434 [Worker-1] WARN  o.e.m.c.i.embedder.EclipseLogger - Using platform encoding (UTF-8 actually) to copy filtered resources, i.e. build is platform dependent!
2015-10-09 17:10:47,437 [Worker-1] INFO  o.e.m.c.i.embedder.EclipseLogger - Copying 0 resource
2015-10-09 17:10:47,438 [Worker-1] WARN  o.e.m.c.i.embedder.EclipseLogger - Using platform encoding (UTF-8 actually) to copy filtered resources, i.e. build is platform dependent!
2015-10-09 17:10:47,441 [Worker-1] INFO  o.e.m.c.i.embedder.EclipseLogger - skip non existing resourceDirectory /Users/Hanlu/Desktop/oa_system/HelloWorld/src/test/resources
2015-10-09 17:15:40,359 [Worker-41] WARN  o.e.m.c.i.embedder.EclipseLogger - Using platform encoding (UTF-8 actually) to copy filtered resources, i.e. build is platform dependent!
2015-10-09 17:15:40,365 [Worker-41] INFO  o.e.m.c.i.embedder.EclipseLogger - Copying 0 resource
2015-10-09 17:15:40,368 [Worker-41] WARN  o.e.m.c.i.embedder.EclipseLogger - Using platform encoding (UTF-8 actually) to copy filtered resources, i.e. build is platform dependent!
2015-10-09 17:15:40,369 [Worker-41] INFO  o.e.m.c.i.embedder.EclipseLogger - skip non existing resourceDirectory /Users/Hanlu/Desktop/oa_system/HelloWorld/src/test/resources
2015-10-09 17:16:15,619 [Worker-1] WARN  o.e.m.c.i.embedder.EclipseLogger - Using platform encoding (UTF-8 actually) to copy filtered resources, i.e. build is platform dependent!
2015-10-09 17:16:15,620 [Worker-1] INFO  o.e.m.c.i.embedder.EclipseLogger - Copying 0 resource
2015-10-09 17:16:15,622 [Worker-1] WARN  o.e.m.c.i.embedder.EclipseLogger - Using platform encoding (UTF-8 actually) to copy filtered resources, i.e. build is platform dependent!
2015-10-09 17:16:15,622 [Worker-1] INFO  o.e.m.c.i.embedder.EclipseLogger - skip non existing resourceDirectory /Users/Hanlu/Desktop/oa_system/HelloWorld/src/test/resources
2015-10-09 17:19:22,905 [Worker-41] WARN  o.e.m.c.i.embedder.EclipseLogger - Using platform encoding (UTF-8 actually) to copy filtered resources, i.e. build is platform dependent!
2015-10-09 17:19:22,909 [Worker-41] INFO  o.e.m.c.i.embedder.EclipseLogger - Copying 0 resource
2015-10-09 17:19:22,911 [Worker-41] WARN  o.e.m.c.i.embedder.EclipseLogger - Using platform encoding (UTF-8 actually) to copy filtered resources, i.e. build is platform dependent!
2015-10-09 17:19:22,915 [Worker-41] INFO  o.e.m.c.i.embedder.EclipseLogger - skip non existing resourceDirectory /Users/Hanlu/Desktop/oa_system/HelloWorld/src/test/resources
2015-10-09 17:19:40,553 [Worker-41] WARN  o.e.m.c.i.embedder.EclipseLogger - Using platform encoding (UTF-8 actually) to copy filtered resources, i.e. build is platform dependent!
2015-10-09 17:19:40,554 [Worker-41] INFO  o.e.m.c.i.embedder.EclipseLogger - Copying 0 resource
2015-10-09 17:19:40,556 [Worker-41] WARN  o.e.m.c.i.embedder.EclipseLogger - Using platform encoding (UTF-8 actually) to copy filtered resources, i.e. build is platform dependent!
2015-10-09 17:19:40,557 [Worker-41] INFO  o.e.m.c.i.embedder.EclipseLogger - skip non existing resourceDirectory /Users/Hanlu/Desktop/oa_system/HelloWorld/src/test/resources
2015-10-09 17:21:01,605 [Worker-41] WARN  o.e.m.c.i.embedder.EclipseLogger - Using platform encoding (UTF-8 actually) to copy filtered resources, i.e. build is platform dependent!
2015-10-09 17:21:01,607 [Worker-41] INFO  o.e.m.c.i.embedder.EclipseLogger - Copying 0 resource
2015-10-09 17:21:01,609 [Worker-41] WARN  o.e.m.c.i.embedder.EclipseLogger - Using platform encoding (UTF-8 actually) to copy filtered resources, i.e. build is platform dependent!
2015-10-09 17:21:01,609 [Worker-41] INFO  o.e.m.c.i.embedder.EclipseLogger - skip non existing resourceDirectory /Users/Hanlu/Desktop/oa_system/HelloWorld/src/test/resources
2015-10-09 17:23:50,842 [Worker-1] WARN  o.e.m.c.i.embedder.EclipseLogger - Using platform encoding (UTF-8 actually) to copy filtered resources, i.e. build is platform dependent!
2015-10-09 17:23:50,844 [Worker-1] INFO  o.e.m.c.i.embedder.EclipseLogger - Copying 0 resource
2015-10-09 17:23:50,845 [Worker-1] WARN  o.e.m.c.i.embedder.EclipseLogger - Using platform encoding (UTF-8 actually) to copy filtered resources, i.e. build is platform dependent!
2015-10-09 17:23:50,846 [Worker-1] INFO  o.e.m.c.i.embedder.EclipseLogger - skip non existing resourceDirectory /Users/Hanlu/Desktop/oa_system/HelloWorld/src/test/resources
2015-10-09 21:05:48,144 [Worker-5] WARN  o.e.m.c.i.embedder.EclipseLogger - Using platform encoding (UTF-8 actually) to copy filtered resources, i.e. build is platform dependent!
2015-10-09 21:05:48,174 [Worker-5] INFO  o.e.m.c.i.embedder.EclipseLogger - Copying 0 resource
2015-10-09 21:05:48,179 [Worker-5] WARN  o.e.m.c.i.embedder.EclipseLogger - Using platform encoding (UTF-8 actually) to copy filtered resources, i.e. build is platform dependent!
2015-10-09 21:05:48,180 [Worker-5] INFO  o.e.m.c.i.embedder.EclipseLogger - skip non existing resourceDirectory /Users/Hanlu/Desktop/oa_system/HelloWorld/src/test/resources
2015-10-10 08:42:24,208 [Worker-15] WARN  o.e.m.c.i.embedder.EclipseLogger - Using platform encoding (UTF-8 actually) to copy filtered resources, i.e. build is platform dependent!
2015-10-10 08:42:24,243 [Worker-15] INFO  o.e.m.c.i.embedder.EclipseLogger - Copying 0 resource
2015-10-10 08:42:24,249 [Worker-15] WARN  o.e.m.c.i.embedder.EclipseLogger - Using platform encoding (UTF-8 actually) to copy filtered resources, i.e. build is platform dependent!
2015-10-10 08:42:24,250 [Worker-15] INFO  o.e.m.c.i.embedder.EclipseLogger - skip non existing resourceDirectory /Users/Hanlu/Desktop/oa_system/HelloWorld/src/test/resources
2015-10-10 09:10:04,008 [Worker-32] WARN  o.e.m.c.i.embedder.EclipseLogger - Using platform encoding (UTF-8 actually) to copy filtered resources, i.e. build is platform dependent!
2015-10-10 09:10:04,020 [Worker-32] INFO  o.e.m.c.i.embedder.EclipseLogger - Copying 0 resource
2015-10-10 09:10:04,022 [Worker-32] WARN  o.e.m.c.i.embedder.EclipseLogger - Using platform encoding (UTF-8 actually) to copy filtered resources, i.e. build is platform dependent!
2015-10-10 09:10:04,023 [Worker-32] INFO  o.e.m.c.i.embedder.EclipseLogger - skip non existing resourceDirectory /Users/Hanlu/Desktop/oa_system/HelloWorld/src/test/resources
2015-10-10 09:40:18,580 [Worker-54] WARN  o.e.m.c.i.embedder.EclipseLogger - Using platform encoding (UTF-8 actually) to copy filtered resources, i.e. build is platform dependent!
2015-10-10 09:40:18,582 [Worker-54] INFO  o.e.m.c.i.embedder.EclipseLogger - Copying 0 resource
2015-10-10 09:40:18,584 [Worker-54] WARN  o.e.m.c.i.embedder.EclipseLogger - Using platform encoding (UTF-8 actually) to copy filtered resources, i.e. build is platform dependent!
2015-10-10 09:40:18,585 [Worker-54] INFO  o.e.m.c.i.embedder.EclipseLogger - skip non existing resourceDirectory /Users/Hanlu/Desktop/oa_system/HelloWorld/src/test/resources
2015-10-10 09:41:22,437 [Worker-51] WARN  o.e.m.c.i.embedder.EclipseLogger - Using platform encoding (UTF-8 actually) to copy filtered resources, i.e. build is platform dependent!
2015-10-10 09:41:22,438 [Worker-51] INFO  o.e.m.c.i.embedder.EclipseLogger - Copying 0 resource
2015-10-10 09:41:22,440 [Worker-51] WARN  o.e.m.c.i.embedder.EclipseLogger - Using platform encoding (UTF-8 actually) to copy filtered resources, i.e. build is platform dependent!
2015-10-10 09:41:22,441 [Worker-51] INFO  o.e.m.c.i.embedder.EclipseLogger - skip non existing resourceDirectory /Users/Hanlu/Desktop/oa_system/HelloWorld/src/test/resources
2015-10-10 09:46:10,589 [Worker-49] WARN  o.e.m.c.i.embedder.EclipseLogger - Using platform encoding (UTF-8 actually) to copy filtered resources, i.e. build is platform dependent!
2015-10-10 09:46:10,598 [Worker-49] INFO  o.e.m.c.i.embedder.EclipseLogger - Copying 0 resource
2015-10-10 09:46:10,601 [Worker-49] WARN  o.e.m.c.i.embedder.EclipseLogger - Using platform encoding (UTF-8 actually) to copy filtered resources, i.e. build is platform dependent!
2015-10-10 09:46:10,602 [Worker-49] INFO  o.e.m.c.i.embedder.EclipseLogger - skip non existing resourceDirectory /Users/Hanlu/Desktop/oa_system/HelloWorld/src/test/resources
2015-10-10 10:07:48,139 [Worker-65] WARN  o.e.m.c.i.embedder.EclipseLogger - Using platform encoding (UTF-8 actually) to copy filtered resources, i.e. build is platform dependent!
2015-10-10 10:07:48,157 [Worker-65] INFO  o.e.m.c.i.embedder.EclipseLogger - Copying 0 resource
2015-10-10 10:07:48,159 [Worker-65] WARN  o.e.m.c.i.embedder.EclipseLogger - Using platform encoding (UTF-8 actually) to copy filtered resources, i.e. build is platform dependent!
2015-10-10 10:07:48,160 [Worker-65] INFO  o.e.m.c.i.embedder.EclipseLogger - skip non existing resourceDirectory /Users/Hanlu/Desktop/oa_system/HelloWorld/src/test/resources
2015-10-10 10:12:28,172 [Worker-66] WARN  o.e.m.c.i.embedder.EclipseLogger - Using platform encoding (UTF-8 actually) to copy filtered resources, i.e. build is platform dependent!
2015-10-10 10:12:28,174 [Worker-66] INFO  o.e.m.c.i.embedder.EclipseLogger - Copying 0 resource
2015-10-10 10:12:28,176 [Worker-66] WARN  o.e.m.c.i.embedder.EclipseLogger - Using platform encoding (UTF-8 actually) to copy filtered resources, i.e. build is platform dependent!
2015-10-10 10:12:28,177 [Worker-66] INFO  o.e.m.c.i.embedder.EclipseLogger - skip non existing resourceDirectory /Users/Hanlu/Desktop/oa_system/HelloWorld/src/test/resources
2015-10-10 10:15:14,445 [Worker-69] INFO  o.e.m.c.i.l.LifecycleMappingFactory - Using org.maven.ide.eclipse.wtp.WarLifecycleMapping lifecycle mapping for MavenProject: com.programcreek:HelloWorld:0.0.1-SNAPSHOT @ /Users/Hanlu/Desktop/oa_system/OA_System/pom.xml.
2015-10-10 10:15:15,621 [Worker-69] WARN  o.e.m.c.i.embedder.EclipseLogger - Using platform encoding (UTF-8 actually) to copy filtered resources, i.e. build is platform dependent!
2015-10-10 10:15:15,623 [Worker-69] INFO  o.e.m.c.i.embedder.EclipseLogger - Copying 0 resource
2015-10-10 10:15:15,627 [Worker-69] WARN  o.e.m.c.i.embedder.EclipseLogger - Using platform encoding (UTF-8 actually) to copy filtered resources, i.e. build is platform dependent!
2015-10-10 10:15:15,628 [Worker-69] INFO  o.e.m.c.i.embedder.EclipseLogger - skip non existing resourceDirectory /Users/Hanlu/Desktop/oa_system/OA_System/src/test/resources
2015-10-10 10:15:16,837 [Worker-66] WARN  o.e.m.c.i.embedder.EclipseLogger - Using platform encoding (UTF-8 actually) to copy filtered resources, i.e. build is platform dependent!
2015-10-10 10:15:16,843 [Worker-66] INFO  o.e.m.c.i.embedder.EclipseLogger - Copying 0 resource
2015-10-10 10:15:16,844 [Worker-66] WARN  o.e.m.c.i.embedder.EclipseLogger - Using platform encoding (UTF-8 actually) to copy filtered resources, i.e. build is platform dependent!
2015-10-10 10:15:16,845 [Worker-66] INFO  o.e.m.c.i.embedder.EclipseLogger - skip non existing resourceDirectory /Users/Hanlu/Desktop/oa_system/OA_System/src/test/resources
2015-10-10 10:32:38,756 [Worker-78] INFO  o.e.m.c.i.l.LifecycleMappingFactory - Using org.maven.ide.eclipse.wtp.WarLifecycleMapping lifecycle mapping for MavenProject: com.programcreek:HelloWorld:0.0.1-SNAPSHOT @ /Users/Hanlu/Desktop/oa_system/OA_System/pom.xml.
2015-10-10 10:32:39,642 [Worker-78] WARN  o.e.m.c.i.embedder.EclipseLogger - Using platform encoding (UTF-8 actually) to copy filtered resources, i.e. build is platform dependent!
2015-10-10 10:32:39,646 [Worker-78] INFO  o.e.m.c.i.embedder.EclipseLogger - Copying 0 resource
2015-10-10 10:32:39,649 [Worker-78] WARN  o.e.m.c.i.embedder.EclipseLogger - Using platform encoding (UTF-8 actually) to copy filtered resources, i.e. build is platform dependent!
2015-10-10 10:32:39,650 [Worker-78] INFO  o.e.m.c.i.embedder.EclipseLogger - skip non existing resourceDirectory /Users/Hanlu/Desktop/oa_system/OA_System/src/test/resources
2015-10-10 10:32:39,650 [Worker-78] INFO  o.e.m.w.i.f.ResourceFilteringBuildParticipant - Changed resources require a complete clean of filtered resources of OA_System
2015-10-10 10:32:39,652 [Worker-78] INFO  o.e.m.w.i.f.ResourceFilteringBuildParticipant - Executing resource filtering for OA_System
2015-10-10 10:32:39,659 [Worker-78] WARN  o.e.m.c.i.embedder.EclipseLogger - Using platform encoding (UTF-8 actually) to copy filtered resources, i.e. build is platform dependent!
2015-10-10 10:35:14,622 [Worker-79] WARN  o.e.m.c.i.embedder.EclipseLogger - Using platform encoding (UTF-8 actually) to copy filtered resources, i.e. build is platform dependent!
2015-10-10 10:35:14,623 [Worker-79] INFO  o.e.m.c.i.embedder.EclipseLogger - Copying 0 resource
2015-10-10 10:35:14,625 [Worker-79] WARN  o.e.m.c.i.embedder.EclipseLogger - Using platform encoding (UTF-8 actually) to copy filtered resources, i.e. build is platform dependent!
2015-10-10 10:35:14,625 [Worker-79] INFO  o.e.m.c.i.embedder.EclipseLogger - skip non existing resourceDirectory /Users/Hanlu/Desktop/oa_system/OA_System/src/test/resources
